Using device=cuda
Loading model ...
our tp world size is 1
our tp world size is 1
our tp world size is 1
our tp world size is 1
our tp world size is 1
our tp world size is 1
our tp world size is 1
our tp world size is 1
our tp world size is 1
our tp world size is 1
our tp world size is 1
our tp world size is 1
our tp world size is 1
our tp world size is 1
our tp world size is 1
our tp world size is 1
our tp world size is 1
our tp world size is 1
our tp world size is 1
our tp world size is 1
our tp world size is 1
our tp world size is 1
our tp world size is 1
our tp world size is 1
our tp world size is 1
our tp world size is 1
our tp world size is 1
our tp world size is 1
our tp world size is 1
our tp world size is 1
our tp world size is 1
our tp world size is 1
GPTResidual(
  (tok_embeddings): Embedding(128256, 4096)
  (layers): ModuleList(
    (0-31): 32 x TurboTransformerBlock(
      (attention): Attention(
        (wqkv): Linear(in_features=4096, out_features=6144, bias=False)
        (wo): Linear(in_features=4096, out_features=4096, bias=False)
      )
      (feed_forward): FeedForward(
        (w1): Linear(in_features=4096, out_features=28672, bias=False)
        (w2): Linear(in_features=14336, out_features=4096, bias=False)
      )
      (ffn_norm): RMSNorm()
      (attention_norm): RMSNorm()
    )
  )
  (norm): RMSNorm()
  (output): Linear(in_features=4096, out_features=128256, bias=False)
)
we comment comm is False
models all reduce stream is None
Time to load model: 0.37 seconds
the shape of input is torch.Size([4, 1024])
tokens we generated: 1024
Time for prefill: 49.78 sec
Time for inference -4: 101.12 sec total, 10.13 tokens/sec
Bandwidth achieved: 152.00 GB/s
FLOPS achieved: 1.22 TF/s

the shape of input is torch.Size([4, 1024])
tokens we generated: 1024
Time for prefill: 0.41 sec
Time for inference -3: 12.17 sec total, 84.16 tokens/sec
Bandwidth achieved: 1263.16 GB/s
FLOPS achieved: 10.11 TF/s

the shape of input is torch.Size([4, 1024])
[2024-09-13 13:32:58,032] torch.distributed.elastic.agent.server.api: [WARNING] Received Signals.SIGINT death signal, shutting down workers
[2024-09-13 13:32:58,033] torch.distributed.elastic.multiprocessing.api: [WARNING] Sending process 776073 closing signal SIGINT
Process ForkProcess-31:
Process ForkProcess-32:
Process ForkProcess-24:
Process ForkProcess-30:
Process ForkProcess-27:
Process ForkProcess-29:
Process ForkProcess-26:
Traceback (most recent call last):
Process ForkProcess-23:
Process ForkProcess-21:
Process ForkProcess-28:
Process ForkProcess-20:
Process ForkProcess-16:
Process ForkProcess-19:
Process ForkProcess-17:
Process ForkProcess-18:
Process ForkProcess-15:
Process ForkProcess-14:
Process ForkProcess-11:
Process ForkProcess-22:
Process ForkProcess-13:
Process ForkProcess-12:
Process ForkProcess-10:
Process ForkProcess-7:
Process ForkProcess-8:
Process ForkProcess-5:
Process ForkProcess-6:
Process ForkProcess-9:
Process ForkProcess-3:
Process ForkProcess-25:
Process ForkProcess-2:
Process ForkProcess-4:
Process ForkProcess-1:
Traceback (most recent call last):
Traceback (most recent call last):
  File "/home/charlie/anaconda3/envs/gpt-fast/lib/python3.10/multiprocessing/process.py", line 314, in _bootstrap
    self.run()
Traceback (most recent call last):
Traceback (most recent call last):
Traceback (most recent call last):
Traceback (most recent call last):
  File "/home/charlie/anaconda3/envs/gpt-fast/lib/python3.10/multiprocessing/process.py", line 314, in _bootstrap
    self.run()
Traceback (most recent call last):
  File "/home/charlie/skip-residual/gpt-fast/benchmark.py", line 381, in <module>
Traceback (most recent call last):
Traceback (most recent call last):
Traceback (most recent call last):
Traceback (most recent call last):
  File "/home/charlie/anaconda3/envs/gpt-fast/lib/python3.10/multiprocessing/process.py", line 314, in _bootstrap
    self.run()
Traceback (most recent call last):
  File "/home/charlie/anaconda3/envs/gpt-fast/lib/python3.10/multiprocessing/process.py", line 314, in _bootstrap
    self.run()
Traceback (most recent call last):
Traceback (most recent call last):
Traceback (most recent call last):
Traceback (most recent call last):
Traceback (most recent call last):
Traceback (most recent call last):
  File "/home/charlie/anaconda3/envs/gpt-fast/lib/python3.10/multiprocessing/process.py", line 314, in _bootstrap
    self.run()
Traceback (most recent call last):
Traceback (most recent call last):
Traceback (most recent call last):
Traceback (most recent call last):
Traceback (most recent call last):
  File "/home/charlie/anaconda3/envs/gpt-fast/lib/python3.10/multiprocessing/process.py", line 314, in _bootstrap
    self.run()
Traceback (most recent call last):
Traceback (most recent call last):
Traceback (most recent call last):
Traceback (most recent call last):
  File "/home/charlie/anaconda3/envs/gpt-fast/lib/python3.10/multiprocessing/process.py", line 314, in _bootstrap
    self.run()
Traceback (most recent call last):
Traceback (most recent call last):
Traceback (most recent call last):
Traceback (most recent call last):
  File "/home/charlie/anaconda3/envs/gpt-fast/lib/python3.10/multiprocessing/process.py", line 314, in _bootstrap
    self.run()
Traceback (most recent call last):
  File "/home/charlie/anaconda3/envs/gpt-fast/lib/python3.10/multiprocessing/process.py", line 314, in _bootstrap
    self.run()
  File "/home/charlie/anaconda3/envs/gpt-fast/lib/python3.10/multiprocessing/process.py", line 108, in run
    self._target(*self._args, **self._kwargs)
  File "/home/charlie/anaconda3/envs/gpt-fast/lib/python3.10/multiprocessing/process.py", line 108, in run
    self._target(*self._args, **self._kwargs)
  File "/home/charlie/anaconda3/envs/gpt-fast/lib/python3.10/multiprocessing/process.py", line 314, in _bootstrap
    self.run()
  File "/home/charlie/anaconda3/envs/gpt-fast/lib/python3.10/multiprocessing/process.py", line 108, in run
    self._target(*self._args, **self._kwargs)
  File "/home/charlie/anaconda3/envs/gpt-fast/lib/python3.10/multiprocessing/process.py", line 314, in _bootstrap
    self.run()
  File "/home/charlie/anaconda3/envs/gpt-fast/lib/python3.10/multiprocessing/process.py", line 108, in run
    self._target(*self._args, **self._kwargs)
  File "/home/charlie/anaconda3/envs/gpt-fast/lib/python3.10/multiprocessing/process.py", line 314, in _bootstrap
    self.run()
  File "/home/charlie/anaconda3/envs/gpt-fast/lib/python3.10/multiprocessing/process.py", line 108, in run
    self._target(*self._args, **self._kwargs)
  File "/home/charlie/anaconda3/envs/gpt-fast/lib/python3.10/multiprocessing/process.py", line 108, in run
    self._target(*self._args, **self._kwargs)
    main(  File "/home/charlie/anaconda3/envs/gpt-fast/lib/python3.10/multiprocessing/process.py", line 314, in _bootstrap
    self.run()
  File "/home/charlie/anaconda3/envs/gpt-fast/lib/python3.10/multiprocessing/process.py", line 314, in _bootstrap
    self.run()
  File "/home/charlie/anaconda3/envs/gpt-fast/lib/python3.10/multiprocessing/process.py", line 108, in run
    self._target(*self._args, **self._kwargs)
  File "/home/charlie/anaconda3/envs/gpt-fast/lib/python3.10/multiprocessing/process.py", line 108, in run
    self._target(*self._args, **self._kwargs)
  File "/home/charlie/anaconda3/envs/gpt-fast/lib/python3.10/multiprocessing/process.py", line 314, in _bootstrap
    self.run()
  File "/home/charlie/anaconda3/envs/gpt-fast/lib/python3.10/multiprocessing/process.py", line 108, in run
    self._target(*self._args, **self._kwargs)
  File "/home/charlie/anaconda3/envs/gpt-fast/lib/python3.10/multiprocessing/process.py", line 314, in _bootstrap
    self.run()
  File "/home/charlie/anaconda3/envs/gpt-fast/lib/python3.10/multiprocessing/process.py", line 108, in run
    self._target(*self._args, **self._kwargs)
  File "/home/charlie/anaconda3/envs/gpt-fast/lib/python3.10/multiprocessing/process.py", line 314, in _bootstrap
    self.run()
  File "/home/charlie/anaconda3/envs/gpt-fast/lib/python3.10/multiprocessing/process.py", line 108, in run
    self._target(*self._args, **self._kwargs)
  File "/home/charlie/anaconda3/envs/gpt-fast/lib/python3.10/multiprocessing/process.py", line 314, in _bootstrap
    self.run()
  File "/home/charlie/anaconda3/envs/gpt-fast/lib/python3.10/multiprocessing/process.py", line 108, in run
    self._target(*self._args, **self._kwargs)
  File "/home/charlie/anaconda3/envs/gpt-fast/lib/python3.10/multiprocessing/process.py", line 108, in run
    self._target(*self._args, **self._kwargs)
  File "/home/charlie/anaconda3/envs/gpt-fast/lib/python3.10/multiprocessing/process.py", line 314, in _bootstrap
    self.run()
  File "/home/charlie/anaconda3/envs/gpt-fast/lib/python3.10/multiprocessing/process.py", line 108, in run
    self._target(*self._args, **self._kwargs)
  File "/home/charlie/anaconda3/envs/gpt-fast/lib/python3.10/multiprocessing/process.py", line 314, in _bootstrap
    self.run()
  File "/home/charlie/anaconda3/envs/gpt-fast/lib/python3.10/multiprocessing/process.py", line 108, in run
    self._target(*self._args, **self._kwargs)
  File "/home/charlie/anaconda3/envs/gpt-fast/lib/python3.10/multiprocessing/process.py", line 314, in _bootstrap
    self.run()
  File "/home/charlie/anaconda3/envs/gpt-fast/lib/python3.10/multiprocessing/process.py", line 108, in run
    self._target(*self._args, **self._kwargs)
  File "/home/charlie/anaconda3/envs/gpt-fast/lib/python3.10/multiprocessing/process.py", line 314, in _bootstrap
    self.run()
  File "/home/charlie/anaconda3/envs/gpt-fast/lib/python3.10/multiprocessing/process.py", line 108, in run
    self._target(*self._args, **self._kwargs)
  File "/home/charlie/anaconda3/envs/gpt-fast/lib/python3.10/multiprocessing/process.py", line 108, in run
    self._target(*self._args, **self._kwargs)
  File "/home/charlie/anaconda3/envs/gpt-fast/lib/python3.10/multiprocessing/process.py", line 314, in _bootstrap
    self.run()
  File "/home/charlie/anaconda3/envs/gpt-fast/lib/python3.10/multiprocessing/process.py", line 108, in run
    self._target(*self._args, **self._kwargs)
  File "/home/charlie/anaconda3/envs/gpt-fast/lib/python3.10/multiprocessing/process.py", line 314, in _bootstrap
    self.run()
  File "/home/charlie/anaconda3/envs/gpt-fast/lib/python3.10/multiprocessing/process.py", line 108, in run
    self._target(*self._args, **self._kwargs)
  File "/home/charlie/anaconda3/envs/gpt-fast/lib/python3.10/multiprocessing/process.py", line 314, in _bootstrap
    self.run()
  File "/home/charlie/anaconda3/envs/gpt-fast/lib/python3.10/multiprocessing/process.py", line 108, in run
    self._target(*self._args, **self._kwargs)
  File "/home/charlie/anaconda3/envs/gpt-fast/lib/python3.10/multiprocessing/process.py", line 108, in run
    self._target(*self._args, **self._kwargs)
  File "/home/charlie/anaconda3/envs/gpt-fast/lib/python3.10/multiprocessing/process.py", line 314, in _bootstrap
    self.run()
  File "/home/charlie/anaconda3/envs/gpt-fast/lib/python3.10/multiprocessing/process.py", line 108, in run
    self._target(*self._args, **self._kwargs)
  File "/home/charlie/anaconda3/envs/gpt-fast/lib/python3.10/multiprocessing/process.py", line 314, in _bootstrap
    self.run()
  File "/home/charlie/anaconda3/envs/gpt-fast/lib/python3.10/multiprocessing/process.py", line 108, in run
    self._target(*self._args, **self._kwargs)
  File "/home/charlie/anaconda3/envs/gpt-fast/lib/python3.10/multiprocessing/process.py", line 108, in run
    self._target(*self._args, **self._kwargs)
  File "/home/charlie/anaconda3/envs/gpt-fast/lib/python3.10/concurrent/futures/process.py", line 240, in _process_worker
    call_item = call_queue.get(block=True)
  File "/home/charlie/anaconda3/envs/gpt-fast/lib/python3.10/multiprocessing/process.py", line 314, in _bootstrap
    self.run()
  File "/home/charlie/anaconda3/envs/gpt-fast/lib/python3.10/multiprocessing/process.py", line 108, in run
    self._target(*self._args, **self._kwargs)
  File "/home/charlie/anaconda3/envs/gpt-fast/lib/python3.10/concurrent/futures/process.py", line 240, in _process_worker
    call_item = call_queue.get(block=True)
  File "/home/charlie/anaconda3/envs/gpt-fast/lib/python3.10/concurrent/futures/process.py", line 240, in _process_worker
    call_item = call_queue.get(block=True)
  File "/home/charlie/anaconda3/envs/gpt-fast/lib/python3.10/concurrent/futures/process.py", line 240, in _process_worker
    call_item = call_queue.get(block=True)
  File "/home/charlie/anaconda3/envs/gpt-fast/lib/python3.10/concurrent/futures/process.py", line 240, in _process_worker
    call_item = call_queue.get(block=True)

  File "/home/charlie/skip-residual/gpt-fast/benchmark.py", line 307, in main
  File "/home/charlie/anaconda3/envs/gpt-fast/lib/python3.10/multiprocessing/process.py", line 314, in _bootstrap
    self.run()
  File "/home/charlie/anaconda3/envs/gpt-fast/lib/python3.10/multiprocessing/process.py", line 108, in run
    self._target(*self._args, **self._kwargs)
  File "/home/charlie/anaconda3/envs/gpt-fast/lib/python3.10/multiprocessing/process.py", line 108, in run
    self._target(*self._args, **self._kwargs)
  File "/home/charlie/anaconda3/envs/gpt-fast/lib/python3.10/concurrent/futures/process.py", line 240, in _process_worker
    call_item = call_queue.get(block=True)
  File "/home/charlie/anaconda3/envs/gpt-fast/lib/python3.10/multiprocessing/process.py", line 108, in run
    self._target(*self._args, **self._kwargs)
  File "/home/charlie/anaconda3/envs/gpt-fast/lib/python3.10/concurrent/futures/process.py", line 240, in _process_worker
    call_item = call_queue.get(block=True)
  File "/home/charlie/anaconda3/envs/gpt-fast/lib/python3.10/concurrent/futures/process.py", line 240, in _process_worker
    call_item = call_queue.get(block=True)
  File "/home/charlie/anaconda3/envs/gpt-fast/lib/python3.10/multiprocessing/process.py", line 314, in _bootstrap
    self.run()
  File "/home/charlie/anaconda3/envs/gpt-fast/lib/python3.10/multiprocessing/process.py", line 108, in run
    self._target(*self._args, **self._kwargs)
  File "/home/charlie/anaconda3/envs/gpt-fast/lib/python3.10/concurrent/futures/process.py", line 240, in _process_worker
    call_item = call_queue.get(block=True)
  File "/home/charlie/anaconda3/envs/gpt-fast/lib/python3.10/concurrent/futures/process.py", line 240, in _process_worker
    call_item = call_queue.get(block=True)
  File "/home/charlie/anaconda3/envs/gpt-fast/lib/python3.10/concurrent/futures/process.py", line 240, in _process_worker
    call_item = call_queue.get(block=True)
  File "/home/charlie/anaconda3/envs/gpt-fast/lib/python3.10/concurrent/futures/process.py", line 240, in _process_worker
    call_item = call_queue.get(block=True)
  File "/home/charlie/anaconda3/envs/gpt-fast/lib/python3.10/concurrent/futures/process.py", line 240, in _process_worker
    call_item = call_queue.get(block=True)
  File "/home/charlie/anaconda3/envs/gpt-fast/lib/python3.10/concurrent/futures/process.py", line 240, in _process_worker
    call_item = call_queue.get(block=True)
  File "/home/charlie/anaconda3/envs/gpt-fast/lib/python3.10/concurrent/futures/process.py", line 240, in _process_worker
    call_item = call_queue.get(block=True)
  File "/home/charlie/anaconda3/envs/gpt-fast/lib/python3.10/concurrent/futures/process.py", line 240, in _process_worker
    call_item = call_queue.get(block=True)
  File "/home/charlie/anaconda3/envs/gpt-fast/lib/python3.10/concurrent/futures/process.py", line 240, in _process_worker
    call_item = call_queue.get(block=True)
  File "/home/charlie/anaconda3/envs/gpt-fast/lib/python3.10/concurrent/futures/process.py", line 240, in _process_worker
    call_item = call_queue.get(block=True)
  File "/home/charlie/anaconda3/envs/gpt-fast/lib/python3.10/concurrent/futures/process.py", line 240, in _process_worker
    call_item = call_queue.get(block=True)
  File "/home/charlie/anaconda3/envs/gpt-fast/lib/python3.10/concurrent/futures/process.py", line 240, in _process_worker
    call_item = call_queue.get(block=True)
  File "/home/charlie/anaconda3/envs/gpt-fast/lib/python3.10/concurrent/futures/process.py", line 240, in _process_worker
    call_item = call_queue.get(block=True)
  File "/home/charlie/anaconda3/envs/gpt-fast/lib/python3.10/concurrent/futures/process.py", line 240, in _process_worker
    call_item = call_queue.get(block=True)
  File "/home/charlie/anaconda3/envs/gpt-fast/lib/python3.10/multiprocessing/process.py", line 314, in _bootstrap
    self.run()
  File "/home/charlie/anaconda3/envs/gpt-fast/lib/python3.10/concurrent/futures/process.py", line 240, in _process_worker
    call_item = call_queue.get(block=True)
  File "/home/charlie/anaconda3/envs/gpt-fast/lib/python3.10/concurrent/futures/process.py", line 240, in _process_worker
    call_item = call_queue.get(block=True)
  File "/home/charlie/anaconda3/envs/gpt-fast/lib/python3.10/multiprocessing/process.py", line 314, in _bootstrap
    self.run()
  File "/home/charlie/anaconda3/envs/gpt-fast/lib/python3.10/multiprocessing/process.py", line 108, in run
    self._target(*self._args, **self._kwargs)
  File "/home/charlie/anaconda3/envs/gpt-fast/lib/python3.10/multiprocessing/queues.py", line 102, in get
    with self._rlock:
  File "/home/charlie/anaconda3/envs/gpt-fast/lib/python3.10/concurrent/futures/process.py", line 240, in _process_worker
    call_item = call_queue.get(block=True)
  File "/home/charlie/anaconda3/envs/gpt-fast/lib/python3.10/multiprocessing/queues.py", line 102, in get
    with self._rlock:
  File "/home/charlie/anaconda3/envs/gpt-fast/lib/python3.10/concurrent/futures/process.py", line 240, in _process_worker
    call_item = call_queue.get(block=True)
  File "/home/charlie/anaconda3/envs/gpt-fast/lib/python3.10/multiprocessing/queues.py", line 102, in get
    with self._rlock:
  File "/home/charlie/anaconda3/envs/gpt-fast/lib/python3.10/multiprocessing/queues.py", line 102, in get
    with self._rlock:
    y, prefill_latency = generate(  File "/home/charlie/anaconda3/envs/gpt-fast/lib/python3.10/concurrent/futures/process.py", line 240, in _process_worker
    call_item = call_queue.get(block=True)
  File "/home/charlie/anaconda3/envs/gpt-fast/lib/python3.10/multiprocessing/queues.py", line 102, in get
    with self._rlock:
  File "/home/charlie/anaconda3/envs/gpt-fast/lib/python3.10/concurrent/futures/process.py", line 240, in _process_worker
    call_item = call_queue.get(block=True)
  File "/home/charlie/anaconda3/envs/gpt-fast/lib/python3.10/multiprocessing/queues.py", line 102, in get
    with self._rlock:
  File "/home/charlie/anaconda3/envs/gpt-fast/lib/python3.10/multiprocessing/queues.py", line 102, in get
    with self._rlock:
  File "/home/charlie/anaconda3/envs/gpt-fast/lib/python3.10/concurrent/futures/process.py", line 240, in _process_worker
    call_item = call_queue.get(block=True)
  File "/home/charlie/anaconda3/envs/gpt-fast/lib/python3.10/multiprocessing/queues.py", line 102, in get
    with self._rlock:
  File "/home/charlie/anaconda3/envs/gpt-fast/lib/python3.10/multiprocessing/queues.py", line 102, in get
    with self._rlock:
  File "/home/charlie/anaconda3/envs/gpt-fast/lib/python3.10/multiprocessing/queues.py", line 102, in get
    with self._rlock:
  File "/home/charlie/anaconda3/envs/gpt-fast/lib/python3.10/concurrent/futures/process.py", line 240, in _process_worker
    call_item = call_queue.get(block=True)
  File "/home/charlie/anaconda3/envs/gpt-fast/lib/python3.10/multiprocessing/queues.py", line 102, in get
    with self._rlock:
  File "/home/charlie/anaconda3/envs/gpt-fast/lib/python3.10/multiprocessing/queues.py", line 102, in get
    with self._rlock:
  File "/home/charlie/anaconda3/envs/gpt-fast/lib/python3.10/multiprocessing/queues.py", line 102, in get
    with self._rlock:
  File "/home/charlie/anaconda3/envs/gpt-fast/lib/python3.10/multiprocessing/queues.py", line 102, in get
    with self._rlock:
  File "/home/charlie/anaconda3/envs/gpt-fast/lib/python3.10/multiprocessing/queues.py", line 102, in get
    with self._rlock:
  File "/home/charlie/anaconda3/envs/gpt-fast/lib/python3.10/multiprocessing/queues.py", line 102, in get
    with self._rlock:
  File "/home/charlie/anaconda3/envs/gpt-fast/lib/python3.10/multiprocessing/queues.py", line 102, in get
    with self._rlock:
  File "/home/charlie/anaconda3/envs/gpt-fast/lib/python3.10/multiprocessing/queues.py", line 102, in get
    with self._rlock:
  File "/home/charlie/anaconda3/envs/gpt-fast/lib/python3.10/multiprocessing/queues.py", line 102, in get
    with self._rlock:
  File "/home/charlie/anaconda3/envs/gpt-fast/lib/python3.10/multiprocessing/queues.py", line 102, in get
    with self._rlock:
  File "/home/charlie/anaconda3/envs/gpt-fast/lib/python3.10/multiprocessing/queues.py", line 102, in get
    with self._rlock:
  File "/home/charlie/anaconda3/envs/gpt-fast/lib/python3.10/multiprocessing/queues.py", line 102, in get
    with self._rlock:
  File "/home/charlie/anaconda3/envs/gpt-fast/lib/python3.10/multiprocessing/queues.py", line 102, in get
    with self._rlock:
  File "/home/charlie/anaconda3/envs/gpt-fast/lib/python3.10/concurrent/futures/process.py", line 240, in _process_worker
    call_item = call_queue.get(block=True)
  File "/home/charlie/anaconda3/envs/gpt-fast/lib/python3.10/multiprocessing/synchronize.py", line 95, in __enter__
    return self._semlock.__enter__()
  File "/home/charlie/anaconda3/envs/gpt-fast/lib/python3.10/multiprocessing/synchronize.py", line 95, in __enter__
    return self._semlock.__enter__()
  File "/home/charlie/anaconda3/envs/gpt-fast/lib/python3.10/multiprocessing/queues.py", line 102, in get
    with self._rlock:
  File "/home/charlie/anaconda3/envs/gpt-fast/lib/python3.10/multiprocessing/synchronize.py", line 95, in __enter__
    return self._semlock.__enter__()
  File "/home/charlie/anaconda3/envs/gpt-fast/lib/python3.10/multiprocessing/queues.py", line 102, in get
    with self._rlock:
  File "/home/charlie/anaconda3/envs/gpt-fast/lib/python3.10/multiprocessing/synchronize.py", line 95, in __enter__
    return self._semlock.__enter__()
  File "/home/charlie/anaconda3/envs/gpt-fast/lib/python3.10/multiprocessing/synchronize.py", line 95, in __enter__
    return self._semlock.__enter__()
  File "/home/charlie/anaconda3/envs/gpt-fast/lib/python3.10/multiprocessing/queues.py", line 102, in get
    with self._rlock:
  File "/home/charlie/anaconda3/envs/gpt-fast/lib/python3.10/multiprocessing/synchronize.py", line 95, in __enter__
    return self._semlock.__enter__()

  File "/home/charlie/anaconda3/envs/gpt-fast/lib/python3.10/site-packages/torch/utils/_contextlib.py", line 115, in decorate_context
  File "/home/charlie/anaconda3/envs/gpt-fast/lib/python3.10/multiprocessing/queues.py", line 102, in get
    with self._rlock:
  File "/home/charlie/anaconda3/envs/gpt-fast/lib/python3.10/multiprocessing/synchronize.py", line 95, in __enter__
    return self._semlock.__enter__()
  File "/home/charlie/anaconda3/envs/gpt-fast/lib/python3.10/multiprocessing/queues.py", line 102, in get
    with self._rlock:
  File "/home/charlie/anaconda3/envs/gpt-fast/lib/python3.10/multiprocessing/synchronize.py", line 95, in __enter__
    return self._semlock.__enter__()
  File "/home/charlie/anaconda3/envs/gpt-fast/lib/python3.10/multiprocessing/synchronize.py", line 95, in __enter__
    return self._semlock.__enter__()
  File "/home/charlie/anaconda3/envs/gpt-fast/lib/python3.10/multiprocessing/synchronize.py", line 95, in __enter__
    return self._semlock.__enter__()
  File "/home/charlie/anaconda3/envs/gpt-fast/lib/python3.10/multiprocessing/queues.py", line 102, in get
    with self._rlock:
  File "/home/charlie/anaconda3/envs/gpt-fast/lib/python3.10/multiprocessing/synchronize.py", line 95, in __enter__
    return self._semlock.__enter__()
  File "/home/charlie/anaconda3/envs/gpt-fast/lib/python3.10/multiprocessing/synchronize.py", line 95, in __enter__
    return self._semlock.__enter__()
  File "/home/charlie/anaconda3/envs/gpt-fast/lib/python3.10/multiprocessing/synchronize.py", line 95, in __enter__
    return self._semlock.__enter__()
  File "/home/charlie/anaconda3/envs/gpt-fast/lib/python3.10/multiprocessing/synchronize.py", line 95, in __enter__
    return self._semlock.__enter__()
  File "/home/charlie/anaconda3/envs/gpt-fast/lib/python3.10/multiprocessing/synchronize.py", line 95, in __enter__
    return self._semlock.__enter__()
  File "/home/charlie/anaconda3/envs/gpt-fast/lib/python3.10/multiprocessing/synchronize.py", line 95, in __enter__
    return self._semlock.__enter__()
  File "/home/charlie/anaconda3/envs/gpt-fast/lib/python3.10/multiprocessing/synchronize.py", line 95, in __enter__
    return self._semlock.__enter__()
  File "/home/charlie/anaconda3/envs/gpt-fast/lib/python3.10/multiprocessing/synchronize.py", line 95, in __enter__
    return self._semlock.__enter__()
  File "/home/charlie/anaconda3/envs/gpt-fast/lib/python3.10/multiprocessing/synchronize.py", line 95, in __enter__
    return self._semlock.__enter__()
  File "/home/charlie/anaconda3/envs/gpt-fast/lib/python3.10/multiprocessing/queues.py", line 102, in get
    with self._rlock:
  File "/home/charlie/anaconda3/envs/gpt-fast/lib/python3.10/multiprocessing/synchronize.py", line 95, in __enter__
    return self._semlock.__enter__()
  File "/home/charlie/anaconda3/envs/gpt-fast/lib/python3.10/multiprocessing/synchronize.py", line 95, in __enter__
    return self._semlock.__enter__()
  File "/home/charlie/anaconda3/envs/gpt-fast/lib/python3.10/multiprocessing/synchronize.py", line 95, in __enter__
    return self._semlock.__enter__()
  File "/home/charlie/anaconda3/envs/gpt-fast/lib/python3.10/multiprocessing/synchronize.py", line 95, in __enter__
    return self._semlock.__enter__()
  File "/home/charlie/anaconda3/envs/gpt-fast/lib/python3.10/multiprocessing/process.py", line 108, in run
    self._target(*self._args, **self._kwargs)
  File "/home/charlie/anaconda3/envs/gpt-fast/lib/python3.10/multiprocessing/synchronize.py", line 95, in __enter__
    return self._semlock.__enter__()
  File "/home/charlie/anaconda3/envs/gpt-fast/lib/python3.10/multiprocessing/synchronize.py", line 95, in __enter__
    return self._semlock.__enter__()
  File "/home/charlie/anaconda3/envs/gpt-fast/lib/python3.10/multiprocessing/queues.py", line 103, in get
    res = self._recv_bytes()
KeyboardInterrupt
KeyboardInterrupt
KeyboardInterrupt
  File "/home/charlie/anaconda3/envs/gpt-fast/lib/python3.10/multiprocessing/synchronize.py", line 95, in __enter__
    return self._semlock.__enter__()
KeyboardInterrupt
    return func(*args, **kwargs)KeyboardInterrupt
  File "/home/charlie/anaconda3/envs/gpt-fast/lib/python3.10/multiprocessing/synchronize.py", line 95, in __enter__
    return self._semlock.__enter__()
KeyboardInterrupt
KeyboardInterrupt
  File "/home/charlie/anaconda3/envs/gpt-fast/lib/python3.10/multiprocessing/synchronize.py", line 95, in __enter__
    return self._semlock.__enter__()
KeyboardInterrupt
KeyboardInterrupt
KeyboardInterrupt
KeyboardInterrupt
KeyboardInterrupt
KeyboardInterrupt
  File "/home/charlie/anaconda3/envs/gpt-fast/lib/python3.10/multiprocessing/synchronize.py", line 95, in __enter__
    return self._semlock.__enter__()
KeyboardInterrupt
KeyboardInterrupt
KeyboardInterrupt
[2024-09-13 13:32:58,239] torch.distributed.elastic.multiprocessing.api: [WARNING] Sending process 776073 closing signal SIGTERM
KeyboardInterrupt
Traceback (most recent call last):
  File "/home/charlie/anaconda3/envs/gpt-fast/lib/python3.10/site-packages/torch/distributed/elastic/agent/server/api.py", line 727, in run
    result = self._invoke_run(role)
  File "/home/charlie/anaconda3/envs/gpt-fast/lib/python3.10/site-packages/torch/distributed/elastic/agent/server/api.py", line 868, in _invoke_run
    time.sleep(monitor_interval)
  File "/home/charlie/anaconda3/envs/gpt-fast/lib/python3.10/site-packages/torch/distributed/elastic/multiprocessing/api.py", line 62, in _terminate_process_handler
    raise SignalException(f"Process {os.getpid()} got signal: {sigval}", sigval=sigval)
torch.distributed.elastic.multiprocessing.api.SignalException: Process 776005 got signal: 2

During handling of the above exception, another exception occurred:

Traceback (most recent call last):
  File "/home/charlie/anaconda3/envs/gpt-fast/lib/python3.10/site-packages/torch/distributed/elastic/agent/server/api.py", line 734, in run
    self._shutdown(e.sigval)
  File "/home/charlie/anaconda3/envs/gpt-fast/lib/python3.10/site-packages/torch/distributed/elastic/agent/server/local_elastic_agent.py", line 311, in _shutdown
    self._pcontext.close(death_sig)
  File "/home/charlie/anaconda3/envs/gpt-fast/lib/python3.10/site-packages/torch/distributed/elastic/multiprocessing/api.py", line 318, in close
    self._close(death_sig=death_sig, timeout=timeout)
  File "/home/charlie/anaconda3/envs/gpt-fast/lib/python3.10/site-packages/torch/distributed/elastic/multiprocessing/api.py", line 706, in _close
    handler.proc.wait(time_to_wait)
  File "/home/charlie/anaconda3/envs/gpt-fast/lib/python3.10/subprocess.py", line 1209, in wait
    return self._wait(timeout=timeout)
  File "/home/charlie/anaconda3/envs/gpt-fast/lib/python3.10/subprocess.py", line 1953, in _wait
    time.sleep(delay)
  File "/home/charlie/anaconda3/envs/gpt-fast/lib/python3.10/site-packages/torch/distributed/elastic/multiprocessing/api.py", line 62, in _terminate_process_handler
    raise SignalException(f"Process {os.getpid()} got signal: {sigval}", sigval=sigval)
torch.distributed.elastic.multiprocessing.api.SignalException: Process 776005 got signal: 2

During handling of the above exception, another exception occurred:

Traceback (most recent call last):
  File "/home/charlie/anaconda3/envs/gpt-fast/bin/torchrun", line 33, in <module>
    sys.exit(load_entry_point('torch==2.2.2', 'console_scripts', 'torchrun')())
  File "/home/charlie/anaconda3/envs/gpt-fast/lib/python3.10/site-packages/torch/distributed/elastic/multiprocessing/errors/__init__.py", line 347, in wrapper
    return f(*args, **kwargs)
  File "/home/charlie/anaconda3/envs/gpt-fast/lib/python3.10/site-packages/torch/distributed/run.py", line 812, in main
    run(args)
  File "/home/charlie/anaconda3/envs/gpt-fast/lib/python3.10/site-packages/torch/distributed/run.py", line 803, in run
    elastic_launch(
  File "/home/charlie/anaconda3/envs/gpt-fast/lib/python3.10/site-packages/torch/distributed/launcher/api.py", line 135, in __call__
    return launch_agent(self._config, self._entrypoint, list(args))
  File "/home/charlie/anaconda3/envs/gpt-fast/lib/python3.10/site-packages/torch/distributed/launcher/api.py", line 259, in launch_agent
    result = agent.run()
  File "/home/charlie/anaconda3/envs/gpt-fast/lib/python3.10/site-packages/torch/distributed/elastic/metrics/api.py", line 123, in wrapper
    result = f(*args, **kwargs)
  File "/home/charlie/anaconda3/envs/gpt-fast/lib/python3.10/site-packages/torch/distributed/elastic/agent/server/api.py", line 739, in run
    self._shutdown()
  File "/home/charlie/anaconda3/envs/gpt-fast/lib/python3.10/site-packages/torch/distributed/elastic/agent/server/local_elastic_agent.py", line 311, in _shutdown
    self._pcontext.close(death_sig)
  File "/home/charlie/anaconda3/envs/gpt-fast/lib/python3.10/site-packages/torch/distributed/elastic/multiprocessing/api.py", line 318, in close
    self._close(death_sig=death_sig, timeout=timeout)
  File "/home/charlie/anaconda3/envs/gpt-fast/lib/python3.10/site-packages/torch/distributed/elastic/multiprocessing/api.py", line 706, in _close
    handler.proc.wait(time_to_wait)
  File "/home/charlie/anaconda3/envs/gpt-fast/lib/python3.10/subprocess.py", line 1209, in wait
    return self._wait(timeout=timeout)
  File "/home/charlie/anaconda3/envs/gpt-fast/lib/python3.10/subprocess.py", line 1953, in _wait
    time.sleep(delay)
  File "/home/charlie/anaconda3/envs/gpt-fast/lib/python3.10/site-packages/torch/distributed/elastic/multiprocessing/api.py", line 62, in _terminate_process_handler
    raise SignalException(f"Process {os.getpid()} got signal: {sigval}", sigval=sigval)
torch.distributed.elastic.multiprocessing.api.SignalException: Process 776005 got signal: 2
