W0920 04:07:08.073000 23285380687680 torch/distributed/run.py:779] 
W0920 04:07:08.073000 23285380687680 torch/distributed/run.py:779] *****************************************
W0920 04:07:08.073000 23285380687680 torch/distributed/run.py:779] Setting OMP_NUM_THREADS environment variable for each process to be 1 in default, to avoid your system being overloaded, please further tune the variable for optimal performance in your application as needed. 
W0920 04:07:08.073000 23285380687680 torch/distributed/run.py:779] *****************************************
flash_kv_decode is set to True
Using device=cuda
Loading model ...
GPTEnsemble(
  (tok_embeddings): Embedding(128256, 8192)
  (layers): ModuleList(
    (0-79): 80 x EnsembleTransformerBlock(
      semi_compiled = False
      (attention): Attention(
        (wqkv): Linear(in_features=8192, out_features=5120, bias=False)
        (wo): Linear(in_features=4096, out_features=8192, bias=False)
      )
      (feed_forward): FeedForward(
        (w1): Linear(in_features=8192, out_features=28672, bias=False)
        (w2): Linear(in_features=14336, out_features=8192, bias=False)
      )
      (ffn_norm): RMSNorm()
      (attention_norm): RMSNorm()
    )
  )
  (norm): RMSNorm()
  (output): Linear(in_features=8192, out_features=128256, bias=False)
)
Time to load model: 0.85 seconds
/home/charlie/anaconda3/envs/gpt-fast/lib/python3.10/contextlib.py:103: FutureWarning: `torch.backends.cuda.sdp_kernel()` is deprecated. In the future, this context manager will be removed. Please see `torch.nn.attention.sdpa_kernel()` for the new context manager, with updated signature.
  self.gen = func(*args, **kwds)
/home/charlie/anaconda3/envs/gpt-fast/lib/python3.10/contextlib.py:103: FutureWarning: `torch.backends.cuda.sdp_kernel()` is deprecated. In the future, this context manager will be removed. Please see `torch.nn.attention.sdpa_kernel()` for the new context manager, with updated signature.
  self.gen = func(*args, **kwds)
Prefill latency: 5.232304798439145 sec
[rank1]: Traceback (most recent call last):
[rank1]:   File "/home/charlie/anaconda3/envs/gpt-fast/lib/python3.10/site-packages/torch/distributed/c10d_logger.py", line 79, in wrapper
[rank1]:     return func(*args, **kwargs)
[rank1]:   File "/home/charlie/anaconda3/envs/gpt-fast/lib/python3.10/site-packages/torch/distributed/distributed_c10d.py", line 2288, in all_reduce
[rank1]:     work = group.allreduce([tensor], opts)
[rank1]: RuntimeError: CUDA error: an illegal memory access was encountered
[rank1]: CUDA kernel errors might be asynchronously reported at some other API call, so the stacktrace below might be incorrect.
[rank1]: For debugging consider passing CUDA_LAUNCH_BLOCKING=1
[rank1]: Compile with `TORCH_USE_CUDA_DSA` to enable device-side assertions.


[rank1]: During handling of the above exception, another exception occurred:

[rank1]: Traceback (most recent call last):
[rank1]:   File "/home/charlie/skip-residual/gpt-fast/benchmark.py", line 518, in <module>
[rank1]:     main(
[rank1]:   File "/home/charlie/skip-residual/gpt-fast/benchmark.py", line 448, in main
[rank1]:     y, decode_latency, prefill_latency = generate(
[rank1]:   File "/home/charlie/anaconda3/envs/gpt-fast/lib/python3.10/site-packages/torch/utils/_contextlib.py", line 116, in decorate_context
[rank1]:     return func(*args, **kwargs)
[rank1]:   File "/home/charlie/skip-residual/gpt-fast/benchmark.py", line 157, in generate
[rank1]:     generated_tokens, _ = decode_n_tokens(model, next_token.view(batch_size, -1), input_pos, max_new_tokens - 1, use_flash_attention=use_flash_attention, callback=callback, **sampling_kwargs)
[rank1]:   File "/home/charlie/anaconda3/envs/gpt-fast/lib/python3.10/site-packages/torch/utils/_contextlib.py", line 116, in decorate_context
[rank1]:     return func(*args, **kwargs)
[rank1]:   File "/home/charlie/skip-residual/gpt-fast/benchmark.py", line 105, in decode_n_tokens
[rank1]:     next_token, next_prob = decode_one_token(
[rank1]:   File "/home/charlie/skip-residual/gpt-fast/benchmark.py", line 85, in decode_one_token
[rank1]:     logits = model(x, input_pos)
[rank1]:   File "/home/charlie/anaconda3/envs/gpt-fast/lib/python3.10/site-packages/torch/nn/modules/module.py", line 1553, in _wrapped_call_impl
[rank1]:     return self._call_impl(*args, **kwargs)
[rank1]:   File "/home/charlie/anaconda3/envs/gpt-fast/lib/python3.10/site-packages/torch/nn/modules/module.py", line 1562, in _call_impl
[rank1]:     return forward_call(*args, **kwargs)
[rank1]:   File "/home/charlie/skip-residual/gpt-fast/gpt_fast/gpt_ensemble_TP.py", line 134, in forward
[rank1]:     x = layer(x, input_pos, freqs_cis, mask)
[rank1]:   File "/home/charlie/anaconda3/envs/gpt-fast/lib/python3.10/site-packages/torch/nn/modules/module.py", line 1553, in _wrapped_call_impl
[rank1]:     return self._call_impl(*args, **kwargs)
[rank1]:   File "/home/charlie/anaconda3/envs/gpt-fast/lib/python3.10/site-packages/torch/nn/modules/module.py", line 1562, in _call_impl
[rank1]:     return forward_call(*args, **kwargs)
[rank1]:   File "/home/charlie/skip-residual/gpt-fast/gpt_fast/gpt_ensemble_TP.py", line 213, in forward
[rank1]:     x = all_reduce_func(x, clone=False)[0]
[rank1]:   File "/home/charlie/skip-residual/gpt-fast/gpt_fast/utils.py", line 257, in all_reduce_func
[rank1]:     handle = dist.all_reduce(x, async_op=async_op)
[rank1]:   File "/home/charlie/anaconda3/envs/gpt-fast/lib/python3.10/site-packages/torch/distributed/c10d_logger.py", line 81, in wrapper
[rank1]:     msg_dict = _get_msg_dict(func.__name__, *args, **kwargs)
[rank1]:   File "/home/charlie/anaconda3/envs/gpt-fast/lib/python3.10/site-packages/torch/distributed/c10d_logger.py", line 54, in _get_msg_dict
[rank1]:     "args": f"{args}, {kwargs}",
[rank1]:   File "/home/charlie/anaconda3/envs/gpt-fast/lib/python3.10/site-packages/torch/_tensor.py", line 463, in __repr__
[rank1]:     return torch._tensor_str._str(self, tensor_contents=tensor_contents)
[rank1]:   File "/home/charlie/anaconda3/envs/gpt-fast/lib/python3.10/site-packages/torch/_tensor_str.py", line 698, in _str
[rank1]:     return _str_intern(self, tensor_contents=tensor_contents)
[rank1]:   File "/home/charlie/anaconda3/envs/gpt-fast/lib/python3.10/site-packages/torch/_tensor_str.py", line 618, in _str_intern
[rank1]:     tensor_str = _tensor_str(self, indent)
[rank1]:   File "/home/charlie/anaconda3/envs/gpt-fast/lib/python3.10/site-packages/torch/_tensor_str.py", line 332, in _tensor_str
[rank1]:     self = self.float()
[rank1]: RuntimeError: CUDA error: an illegal memory access was encountered
[rank1]: CUDA kernel errors might be asynchronously reported at some other API call, so the stacktrace below might be incorrect.
[rank1]: For debugging consider passing CUDA_LAUNCH_BLOCKING=1
[rank1]: Compile with `TORCH_USE_CUDA_DSA` to enable device-side assertions.

[rank0]: Traceback (most recent call last):
[rank0]:   File "/home/charlie/anaconda3/envs/gpt-fast/lib/python3.10/site-packages/torch/distributed/c10d_logger.py", line 79, in wrapper
[rank0]:     return func(*args, **kwargs)
[rank0]:   File "/home/charlie/anaconda3/envs/gpt-fast/lib/python3.10/site-packages/torch/distributed/distributed_c10d.py", line 2288, in all_reduce
[rank0]:     work = group.allreduce([tensor], opts)
[rank0]: RuntimeError: CUDA error: an illegal memory access was encountered
[rank0]: CUDA kernel errors might be asynchronously reported at some other API call, so the stacktrace below might be incorrect.
[rank0]: For debugging consider passing CUDA_LAUNCH_BLOCKING=1
[rank0]: Compile with `TORCH_USE_CUDA_DSA` to enable device-side assertions.


[rank0]: During handling of the above exception, another exception occurred:

[rank0]: Traceback (most recent call last):
[rank0]:   File "/home/charlie/skip-residual/gpt-fast/benchmark.py", line 518, in <module>
[rank0]:     main(
[rank0]:   File "/home/charlie/skip-residual/gpt-fast/benchmark.py", line 448, in main
[rank0]:     y, decode_latency, prefill_latency = generate(
[rank0]:   File "/home/charlie/anaconda3/envs/gpt-fast/lib/python3.10/site-packages/torch/utils/_contextlib.py", line 116, in decorate_context
[rank0]:     return func(*args, **kwargs)
[rank0]:   File "/home/charlie/skip-residual/gpt-fast/benchmark.py", line 157, in generate
[rank0]:     generated_tokens, _ = decode_n_tokens(model, next_token.view(batch_size, -1), input_pos, max_new_tokens - 1, use_flash_attention=use_flash_attention, callback=callback, **sampling_kwargs)
[rank0]:   File "/home/charlie/anaconda3/envs/gpt-fast/lib/python3.10/site-packages/torch/utils/_contextlib.py", line 116, in decorate_context
[rank0]:     return func(*args, **kwargs)
[rank0]:   File "/home/charlie/skip-residual/gpt-fast/benchmark.py", line 105, in decode_n_tokens
[rank0]:     next_token, next_prob = decode_one_token(
[rank0]:   File "/home/charlie/skip-residual/gpt-fast/benchmark.py", line 85, in decode_one_token
[rank0]:     logits = model(x, input_pos)
[rank0]:   File "/home/charlie/anaconda3/envs/gpt-fast/lib/python3.10/site-packages/torch/nn/modules/module.py", line 1553, in _wrapped_call_impl
[rank0]:     return self._call_impl(*args, **kwargs)
[rank0]:   File "/home/charlie/anaconda3/envs/gpt-fast/lib/python3.10/site-packages/torch/nn/modules/module.py", line 1562, in _call_impl
[rank0]:     return forward_call(*args, **kwargs)
[rank0]:   File "/home/charlie/skip-residual/gpt-fast/gpt_fast/gpt_ensemble_TP.py", line 134, in forward
[rank0]:     x = layer(x, input_pos, freqs_cis, mask)
[rank0]:   File "/home/charlie/anaconda3/envs/gpt-fast/lib/python3.10/site-packages/torch/nn/modules/module.py", line 1553, in _wrapped_call_impl
[rank0]:     return self._call_impl(*args, **kwargs)
[rank0]:   File "/home/charlie/anaconda3/envs/gpt-fast/lib/python3.10/site-packages/torch/nn/modules/module.py", line 1562, in _call_impl
[rank0]:     return forward_call(*args, **kwargs)
[rank0]:   File "/home/charlie/skip-residual/gpt-fast/gpt_fast/gpt_ensemble_TP.py", line 213, in forward
[rank0]:     x = all_reduce_func(x, clone=False)[0]
[rank0]:   File "/home/charlie/skip-residual/gpt-fast/gpt_fast/utils.py", line 257, in all_reduce_func
[rank0]:     handle = dist.all_reduce(x, async_op=async_op)
[rank0]:   File "/home/charlie/anaconda3/envs/gpt-fast/lib/python3.10/site-packages/torch/distributed/c10d_logger.py", line 81, in wrapper
[rank0]:     msg_dict = _get_msg_dict(func.__name__, *args, **kwargs)
[rank0]:   File "/home/charlie/anaconda3/envs/gpt-fast/lib/python3.10/site-packages/torch/distributed/c10d_logger.py", line 54, in _get_msg_dict
[rank0]:     "args": f"{args}, {kwargs}",
[rank0]:   File "/home/charlie/anaconda3/envs/gpt-fast/lib/python3.10/site-packages/torch/_tensor.py", line 463, in __repr__
[rank0]:     return torch._tensor_str._str(self, tensor_contents=tensor_contents)
[rank0]:   File "/home/charlie/anaconda3/envs/gpt-fast/lib/python3.10/site-packages/torch/_tensor_str.py", line 698, in _str
[rank0]:     return _str_intern(self, tensor_contents=tensor_contents)
[rank0]:   File "/home/charlie/anaconda3/envs/gpt-fast/lib/python3.10/site-packages/torch/_tensor_str.py", line 618, in _str_intern
[rank0]:     tensor_str = _tensor_str(self, indent)
[rank0]:   File "/home/charlie/anaconda3/envs/gpt-fast/lib/python3.10/site-packages/torch/_tensor_str.py", line 332, in _tensor_str
[rank0]:     self = self.float()
[rank0]: RuntimeError: CUDA error: an illegal memory access was encountered
[rank0]: CUDA kernel errors might be asynchronously reported at some other API call, so the stacktrace below might be incorrect.
[rank0]: For debugging consider passing CUDA_LAUNCH_BLOCKING=1
[rank0]: Compile with `TORCH_USE_CUDA_DSA` to enable device-side assertions.

W0920 04:07:21.616000 23285380687680 torch/distributed/elastic/multiprocessing/api.py:858] Sending process 1183635 closing signal SIGTERM
E0920 04:07:21.831000 23285380687680 torch/distributed/elastic/multiprocessing/api.py:833] failed (exitcode: 1) local_rank: 1 (pid: 1183636) of binary: /home/charlie/anaconda3/envs/gpt-fast/bin/python
Traceback (most recent call last):
  File "/home/charlie/anaconda3/envs/gpt-fast/bin/torchrun", line 8, in <module>
    sys.exit(main())
  File "/home/charlie/anaconda3/envs/gpt-fast/lib/python3.10/site-packages/torch/distributed/elastic/multiprocessing/errors/__init__.py", line 348, in wrapper
    return f(*args, **kwargs)
  File "/home/charlie/anaconda3/envs/gpt-fast/lib/python3.10/site-packages/torch/distributed/run.py", line 901, in main
    run(args)
  File "/home/charlie/anaconda3/envs/gpt-fast/lib/python3.10/site-packages/torch/distributed/run.py", line 892, in run
    elastic_launch(
  File "/home/charlie/anaconda3/envs/gpt-fast/lib/python3.10/site-packages/torch/distributed/launcher/api.py", line 133, in __call__
    return launch_agent(self._config, self._entrypoint, list(args))
  File "/home/charlie/anaconda3/envs/gpt-fast/lib/python3.10/site-packages/torch/distributed/launcher/api.py", line 264, in launch_agent
    raise ChildFailedError(
torch.distributed.elastic.multiprocessing.errors.ChildFailedError: 
============================================================
benchmark.py FAILED
------------------------------------------------------------
Failures:
  <NO_OTHER_FAILURES>
------------------------------------------------------------
Root Cause (first observed failure):
[0]:
  time      : 2024-09-20_04:07:21
  host      : mk-xii-03.cloud.together.ai
  rank      : 1 (local_rank: 1)
  exitcode  : 1 (pid: 1183636)
  error_file: <N/A>
  traceback : To enable traceback see: https://pytorch.org/docs/stable/elastic/errors.html
============================================================
