W0920 04:20:21.377000 23350400300864 torch/distributed/run.py:779] 
W0920 04:20:21.377000 23350400300864 torch/distributed/run.py:779] *****************************************
W0920 04:20:21.377000 23350400300864 torch/distributed/run.py:779] Setting OMP_NUM_THREADS environment variable for each process to be 1 in default, to avoid your system being overloaded, please further tune the variable for optimal performance in your application as needed. 
W0920 04:20:21.377000 23350400300864 torch/distributed/run.py:779] *****************************************
flash_kv_decode is set to True
Using device=cuda
Loading model ...
GPTEnsemble(
  (tok_embeddings): Embedding(128256, 8192)
  (layers): ModuleList(
    (0-79): 80 x EnsembleTransformerBlock(
      semi_compiled = False
      (attention): Attention(
        (wqkv): Linear(in_features=8192, out_features=1280, bias=False)
        (wo): Linear(in_features=1024, out_features=8192, bias=False)
      )
      (feed_forward): FeedForward(
        (w1): Linear(in_features=8192, out_features=7168, bias=False)
        (w2): Linear(in_features=3584, out_features=8192, bias=False)
      )
      (ffn_norm): RMSNorm()
      (attention_norm): RMSNorm()
    )
  )
  (norm): RMSNorm()
  (output): Linear(in_features=8192, out_features=128256, bias=False)
)
Time to load model: 1.05 seconds
/home/charlie/anaconda3/envs/gpt-fast/lib/python3.10/contextlib.py:103: FutureWarning: `torch.backends.cuda.sdp_kernel()` is deprecated. In the future, this context manager will be removed. Please see `torch.nn.attention.sdpa_kernel()` for the new context manager, with updated signature.
  self.gen = func(*args, **kwds)
/home/charlie/anaconda3/envs/gpt-fast/lib/python3.10/contextlib.py:103: FutureWarning: `torch.backends.cuda.sdp_kernel()` is deprecated. In the future, this context manager will be removed. Please see `torch.nn.attention.sdpa_kernel()` for the new context manager, with updated signature.
  self.gen = func(*args, **kwds)
/home/charlie/anaconda3/envs/gpt-fast/lib/python3.10/contextlib.py:103: FutureWarning: `torch.backends.cuda.sdp_kernel()` is deprecated. In the future, this context manager will be removed. Please see `torch.nn.attention.sdpa_kernel()` for the new context manager, with updated signature.
  self.gen = func(*args, **kwds)
/home/charlie/anaconda3/envs/gpt-fast/lib/python3.10/contextlib.py:103: FutureWarning: `torch.backends.cuda.sdp_kernel()` is deprecated. In the future, this context manager will be removed. Please see `torch.nn.attention.sdpa_kernel()` for the new context manager, with updated signature.
  self.gen = func(*args, **kwds)
/home/charlie/anaconda3/envs/gpt-fast/lib/python3.10/contextlib.py:103: FutureWarning: `torch.backends.cuda.sdp_kernel()` is deprecated. In the future, this context manager will be removed. Please see `torch.nn.attention.sdpa_kernel()` for the new context manager, with updated signature.
  self.gen = func(*args, **kwds)
/home/charlie/anaconda3/envs/gpt-fast/lib/python3.10/contextlib.py:103: FutureWarning: `torch.backends.cuda.sdp_kernel()` is deprecated. In the future, this context manager will be removed. Please see `torch.nn.attention.sdpa_kernel()` for the new context manager, with updated signature.
  self.gen = func(*args, **kwds)
/home/charlie/anaconda3/envs/gpt-fast/lib/python3.10/contextlib.py:103: FutureWarning: `torch.backends.cuda.sdp_kernel()` is deprecated. In the future, this context manager will be removed. Please see `torch.nn.attention.sdpa_kernel()` for the new context manager, with updated signature.
  self.gen = func(*args, **kwds)
/home/charlie/anaconda3/envs/gpt-fast/lib/python3.10/contextlib.py:103: FutureWarning: `torch.backends.cuda.sdp_kernel()` is deprecated. In the future, this context manager will be removed. Please see `torch.nn.attention.sdpa_kernel()` for the new context manager, with updated signature.
  self.gen = func(*args, **kwds)
Prefill latency: 14.657239977270365 sec
[rank6]: Traceback (most recent call last):
[rank6]:   File "/home/charlie/anaconda3/envs/gpt-fast/lib/python3.10/site-packages/torch/distributed/c10d_logger.py", line 79, in wrapper
[rank6]:     return func(*args, **kwargs)
[rank6]:   File "/home/charlie/anaconda3/envs/gpt-fast/lib/python3.10/site-packages/torch/distributed/distributed_c10d.py", line 2288, in all_reduce
[rank6]:     work = group.allreduce([tensor], opts)
[rank6]: RuntimeError: CUDA error: an illegal memory access was encountered
[rank6]: CUDA kernel errors might be asynchronously reported at some other API call, so the stacktrace below might be incorrect.
[rank6]: For debugging consider passing CUDA_LAUNCH_BLOCKING=1
[rank6]: Compile with `TORCH_USE_CUDA_DSA` to enable device-side assertions.


[rank6]: During handling of the above exception, another exception occurred:

[rank6]: Traceback (most recent call last):
[rank6]:   File "/home/charlie/skip-residual/gpt-fast/benchmark.py", line 518, in <module>
[rank6]:     main(
[rank6]:   File "/home/charlie/skip-residual/gpt-fast/benchmark.py", line 448, in main
[rank6]:     y, decode_latency, prefill_latency = generate(
[rank6]:   File "/home/charlie/anaconda3/envs/gpt-fast/lib/python3.10/site-packages/torch/utils/_contextlib.py", line 116, in decorate_context
[rank6]:     return func(*args, **kwargs)
[rank6]:   File "/home/charlie/skip-residual/gpt-fast/benchmark.py", line 157, in generate
[rank6]:     generated_tokens, _ = decode_n_tokens(model, next_token.view(batch_size, -1), input_pos, max_new_tokens - 1, use_flash_attention=use_flash_attention, callback=callback, **sampling_kwargs)
[rank6]:   File "/home/charlie/anaconda3/envs/gpt-fast/lib/python3.10/site-packages/torch/utils/_contextlib.py", line 116, in decorate_context
[rank6]:     return func(*args, **kwargs)
[rank6]:   File "/home/charlie/skip-residual/gpt-fast/benchmark.py", line 105, in decode_n_tokens
[rank6]:     next_token, next_prob = decode_one_token(
[rank6]:   File "/home/charlie/skip-residual/gpt-fast/benchmark.py", line 85, in decode_one_token
[rank6]:     logits = model(x, input_pos)
[rank6]:   File "/home/charlie/anaconda3/envs/gpt-fast/lib/python3.10/site-packages/torch/nn/modules/module.py", line 1553, in _wrapped_call_impl
[rank6]:     return self._call_impl(*args, **kwargs)
[rank6]:   File "/home/charlie/anaconda3/envs/gpt-fast/lib/python3.10/site-packages/torch/nn/modules/module.py", line 1562, in _call_impl
[rank6]:     return forward_call(*args, **kwargs)
[rank6]:   File "/home/charlie/skip-residual/gpt-fast/gpt_fast/gpt_ensemble_TP.py", line 134, in forward
[rank6]:     x = layer(x, input_pos, freqs_cis, mask)
[rank6]:   File "/home/charlie/anaconda3/envs/gpt-fast/lib/python3.10/site-packages/torch/nn/modules/module.py", line 1553, in _wrapped_call_impl
[rank6]:     return self._call_impl(*args, **kwargs)
[rank6]:   File "/home/charlie/anaconda3/envs/gpt-fast/lib/python3.10/site-packages/torch/nn/modules/module.py", line 1562, in _call_impl
[rank6]:     return forward_call(*args, **kwargs)
[rank6]:   File "/home/charlie/skip-residual/gpt-fast/gpt_fast/gpt_ensemble_TP.py", line 213, in forward
[rank6]:     x = all_reduce_func(x, clone=False)[0]
[rank6]:   File "/home/charlie/skip-residual/gpt-fast/gpt_fast/utils.py", line 257, in all_reduce_func
[rank6]:     handle = dist.all_reduce(x, async_op=async_op)
[rank6]:   File "/home/charlie/anaconda3/envs/gpt-fast/lib/python3.10/site-packages/torch/distributed/c10d_logger.py", line 81, in wrapper
[rank6]:     msg_dict = _get_msg_dict(func.__name__, *args, **kwargs)
[rank6]:   File "/home/charlie/anaconda3/envs/gpt-fast/lib/python3.10/site-packages/torch/distributed/c10d_logger.py", line 54, in _get_msg_dict
[rank6]:     "args": f"{args}, {kwargs}",
[rank6]:   File "/home/charlie/anaconda3/envs/gpt-fast/lib/python3.10/site-packages/torch/_tensor.py", line 463, in __repr__
[rank6]:     return torch._tensor_str._str(self, tensor_contents=tensor_contents)
[rank6]:   File "/home/charlie/anaconda3/envs/gpt-fast/lib/python3.10/site-packages/torch/_tensor_str.py", line 698, in _str
[rank6]:     return _str_intern(self, tensor_contents=tensor_contents)
[rank6]:   File "/home/charlie/anaconda3/envs/gpt-fast/lib/python3.10/site-packages/torch/_tensor_str.py", line 618, in _str_intern
[rank6]:     tensor_str = _tensor_str(self, indent)
[rank6]:   File "/home/charlie/anaconda3/envs/gpt-fast/lib/python3.10/site-packages/torch/_tensor_str.py", line 332, in _tensor_str
[rank6]:     self = self.float()
[rank6]: RuntimeError: CUDA error: an illegal memory access was encountered
[rank6]: CUDA kernel errors might be asynchronously reported at some other API call, so the stacktrace below might be incorrect.
[rank6]: For debugging consider passing CUDA_LAUNCH_BLOCKING=1
[rank6]: Compile with `TORCH_USE_CUDA_DSA` to enable device-side assertions.

[rank0]: Traceback (most recent call last):
[rank0]:   File "/home/charlie/anaconda3/envs/gpt-fast/lib/python3.10/site-packages/torch/distributed/c10d_logger.py", line 79, in wrapper
[rank0]:     return func(*args, **kwargs)
[rank0]:   File "/home/charlie/anaconda3/envs/gpt-fast/lib/python3.10/site-packages/torch/distributed/distributed_c10d.py", line 2288, in all_reduce
[rank0]:     work = group.allreduce([tensor], opts)
[rank0]: RuntimeError: CUDA error: an illegal memory access was encountered
[rank0]: CUDA kernel errors might be asynchronously reported at some other API call, so the stacktrace below might be incorrect.
[rank0]: For debugging consider passing CUDA_LAUNCH_BLOCKING=1
[rank0]: Compile with `TORCH_USE_CUDA_DSA` to enable device-side assertions.


[rank0]: During handling of the above exception, another exception occurred:

[rank0]: Traceback (most recent call last):
[rank0]:   File "/home/charlie/skip-residual/gpt-fast/benchmark.py", line 518, in <module>
[rank0]:     main(
[rank0]:   File "/home/charlie/skip-residual/gpt-fast/benchmark.py", line 448, in main
[rank0]:     y, decode_latency, prefill_latency = generate(
[rank0]:   File "/home/charlie/anaconda3/envs/gpt-fast/lib/python3.10/site-packages/torch/utils/_contextlib.py", line 116, in decorate_context
[rank0]:     return func(*args, **kwargs)
[rank0]:   File "/home/charlie/skip-residual/gpt-fast/benchmark.py", line 157, in generate
[rank0]:     generated_tokens, _ = decode_n_tokens(model, next_token.view(batch_size, -1), input_pos, max_new_tokens - 1, use_flash_attention=use_flash_attention, callback=callback, **sampling_kwargs)
[rank0]:   File "/home/charlie/anaconda3/envs/gpt-fast/lib/python3.10/site-packages/torch/utils/_contextlib.py", line 116, in decorate_context
[rank0]:     return func(*args, **kwargs)
[rank0]:   File "/home/charlie/skip-residual/gpt-fast/benchmark.py", line 105, in decode_n_tokens
[rank0]:     next_token, next_prob = decode_one_token(
[rank0]:   File "/home/charlie/skip-residual/gpt-fast/benchmark.py", line 85, in decode_one_token
[rank0]:     logits = model(x, input_pos)
[rank0]:   File "/home/charlie/anaconda3/envs/gpt-fast/lib/python3.10/site-packages/torch/nn/modules/module.py", line 1553, in _wrapped_call_impl
[rank0]:     return self._call_impl(*args, **kwargs)
[rank0]:   File "/home/charlie/anaconda3/envs/gpt-fast/lib/python3.10/site-packages/torch/nn/modules/module.py", line 1562, in _call_impl
[rank0]:     return forward_call(*args, **kwargs)
[rank0]:   File "/home/charlie/skip-residual/gpt-fast/gpt_fast/gpt_ensemble_TP.py", line 134, in forward
[rank0]:     x = layer(x, input_pos, freqs_cis, mask)
[rank0]:   File "/home/charlie/anaconda3/envs/gpt-fast/lib/python3.10/site-packages/torch/nn/modules/module.py", line 1553, in _wrapped_call_impl
[rank0]:     return self._call_impl(*args, **kwargs)
[rank0]:   File "/home/charlie/anaconda3/envs/gpt-fast/lib/python3.10/site-packages/torch/nn/modules/module.py", line 1562, in _call_impl
[rank0]:     return forward_call(*args, **kwargs)
[rank0]:   File "/home/charlie/skip-residual/gpt-fast/gpt_fast/gpt_ensemble_TP.py", line 213, in forward
[rank0]:     x = all_reduce_func(x, clone=False)[0]
[rank0]:   File "/home/charlie/skip-residual/gpt-fast/gpt_fast/utils.py", line 257, in all_reduce_func
[rank0]:     handle = dist.all_reduce(x, async_op=async_op)
[rank0]:   File "/home/charlie/anaconda3/envs/gpt-fast/lib/python3.10/site-packages/torch/distributed/c10d_logger.py", line 81, in wrapper
[rank0]:     msg_dict = _get_msg_dict(func.__name__, *args, **kwargs)
[rank0]:   File "/home/charlie/anaconda3/envs/gpt-fast/lib/python3.10/site-packages/torch/distributed/c10d_logger.py", line 54, in _get_msg_dict
[rank0]:     "args": f"{args}, {kwargs}",
[rank0]:   File "/home/charlie/anaconda3/envs/gpt-fast/lib/python3.10/site-packages/torch/_tensor.py", line 463, in __repr__
[rank0]:     return torch._tensor_str._str(self, tensor_contents=tensor_contents)
[rank0]:   File "/home/charlie/anaconda3/envs/gpt-fast/lib/python3.10/site-packages/torch/_tensor_str.py", line 698, in _str
[rank0]:     return _str_intern(self, tensor_contents=tensor_contents)
[rank0]:   File "/home/charlie/anaconda3/envs/gpt-fast/lib/python3.10/site-packages/torch/_tensor_str.py", line 618, in _str_intern
[rank0]:     tensor_str = _tensor_str(self, indent)
[rank0]:   File "/home/charlie/anaconda3/envs/gpt-fast/lib/python3.10/site-packages/torch/_tensor_str.py", line 332, in _tensor_str
[rank0]:     self = self.float()
[rank0]: RuntimeError: CUDA error: an illegal memory access was encountered
[rank0]: CUDA kernel errors might be asynchronously reported at some other API call, so the stacktrace below might be incorrect.
[rank0]: For debugging consider passing CUDA_LAUNCH_BLOCKING=1
[rank0]: Compile with `TORCH_USE_CUDA_DSA` to enable device-side assertions.

[rank4]: Traceback (most recent call last):
[rank4]:   File "/home/charlie/anaconda3/envs/gpt-fast/lib/python3.10/site-packages/torch/distributed/c10d_logger.py", line 79, in wrapper
[rank4]:     return func(*args, **kwargs)
[rank4]:   File "/home/charlie/anaconda3/envs/gpt-fast/lib/python3.10/site-packages/torch/distributed/distributed_c10d.py", line 2288, in all_reduce
[rank4]:     work = group.allreduce([tensor], opts)
[rank4]: RuntimeError: CUDA error: an illegal memory access was encountered
[rank4]: CUDA kernel errors might be asynchronously reported at some other API call, so the stacktrace below might be incorrect.
[rank4]: For debugging consider passing CUDA_LAUNCH_BLOCKING=1
[rank4]: Compile with `TORCH_USE_CUDA_DSA` to enable device-side assertions.


[rank4]: During handling of the above exception, another exception occurred:

[rank4]: Traceback (most recent call last):
[rank4]:   File "/home/charlie/skip-residual/gpt-fast/benchmark.py", line 518, in <module>
[rank4]:     main(
[rank4]:   File "/home/charlie/skip-residual/gpt-fast/benchmark.py", line 448, in main
[rank4]:     y, decode_latency, prefill_latency = generate(
[rank4]:   File "/home/charlie/anaconda3/envs/gpt-fast/lib/python3.10/site-packages/torch/utils/_contextlib.py", line 116, in decorate_context
[rank4]:     return func(*args, **kwargs)
[rank4]:   File "/home/charlie/skip-residual/gpt-fast/benchmark.py", line 157, in generate
[rank4]:     generated_tokens, _ = decode_n_tokens(model, next_token.view(batch_size, -1), input_pos, max_new_tokens - 1, use_flash_attention=use_flash_attention, callback=callback, **sampling_kwargs)
[rank4]:   File "/home/charlie/anaconda3/envs/gpt-fast/lib/python3.10/site-packages/torch/utils/_contextlib.py", line 116, in decorate_context
[rank4]:     return func(*args, **kwargs)
[rank4]:   File "/home/charlie/skip-residual/gpt-fast/benchmark.py", line 105, in decode_n_tokens
[rank4]:     next_token, next_prob = decode_one_token(
[rank4]:   File "/home/charlie/skip-residual/gpt-fast/benchmark.py", line 85, in decode_one_token
[rank4]:     logits = model(x, input_pos)
[rank4]:   File "/home/charlie/anaconda3/envs/gpt-fast/lib/python3.10/site-packages/torch/nn/modules/module.py", line 1553, in _wrapped_call_impl
[rank4]:     return self._call_impl(*args, **kwargs)
[rank4]:   File "/home/charlie/anaconda3/envs/gpt-fast/lib/python3.10/site-packages/torch/nn/modules/module.py", line 1562, in _call_impl
[rank4]:     return forward_call(*args, **kwargs)
[rank4]:   File "/home/charlie/skip-residual/gpt-fast/gpt_fast/gpt_ensemble_TP.py", line 134, in forward
[rank4]:     x = layer(x, input_pos, freqs_cis, mask)
[rank4]:   File "/home/charlie/anaconda3/envs/gpt-fast/lib/python3.10/site-packages/torch/nn/modules/module.py", line 1553, in _wrapped_call_impl
[rank4]:     return self._call_impl(*args, **kwargs)
[rank4]:   File "/home/charlie/anaconda3/envs/gpt-fast/lib/python3.10/site-packages/torch/nn/modules/module.py", line 1562, in _call_impl
[rank4]:     return forward_call(*args, **kwargs)
[rank4]:   File "/home/charlie/skip-residual/gpt-fast/gpt_fast/gpt_ensemble_TP.py", line 213, in forward
[rank4]:     x = all_reduce_func(x, clone=False)[0]
[rank4]:   File "/home/charlie/skip-residual/gpt-fast/gpt_fast/utils.py", line 257, in all_reduce_func
[rank4]:     handle = dist.all_reduce(x, async_op=async_op)
[rank4]:   File "/home/charlie/anaconda3/envs/gpt-fast/lib/python3.10/site-packages/torch/distributed/c10d_logger.py", line 81, in wrapper
[rank4]:     msg_dict = _get_msg_dict(func.__name__, *args, **kwargs)
[rank4]:   File "/home/charlie/anaconda3/envs/gpt-fast/lib/python3.10/site-packages/torch/distributed/c10d_logger.py", line 54, in _get_msg_dict
[rank4]:     "args": f"{args}, {kwargs}",
[rank4]:   File "/home/charlie/anaconda3/envs/gpt-fast/lib/python3.10/site-packages/torch/_tensor.py", line 463, in __repr__
[rank4]:     return torch._tensor_str._str(self, tensor_contents=tensor_contents)
[rank4]:   File "/home/charlie/anaconda3/envs/gpt-fast/lib/python3.10/site-packages/torch/_tensor_str.py", line 698, in _str
[rank4]:     return _str_intern(self, tensor_contents=tensor_contents)
[rank4]:   File "/home/charlie/anaconda3/envs/gpt-fast/lib/python3.10/site-packages/torch/_tensor_str.py", line 618, in _str_intern
[rank4]:     tensor_str = _tensor_str(self, indent)
[rank4]:   File "/home/charlie/anaconda3/envs/gpt-fast/lib/python3.10/site-packages/torch/_tensor_str.py", line 332, in _tensor_str
[rank4]:     self = self.float()
[rank4]: RuntimeError: CUDA error: an illegal memory access was encountered
[rank4]: CUDA kernel errors might be asynchronously reported at some other API call, so the stacktrace below might be incorrect.
[rank4]: For debugging consider passing CUDA_LAUNCH_BLOCKING=1
[rank4]: Compile with `TORCH_USE_CUDA_DSA` to enable device-side assertions.

[rank2]: Traceback (most recent call last):
[rank2]:   File "/home/charlie/anaconda3/envs/gpt-fast/lib/python3.10/site-packages/torch/distributed/c10d_logger.py", line 79, in wrapper
[rank2]:     return func(*args, **kwargs)
[rank2]:   File "/home/charlie/anaconda3/envs/gpt-fast/lib/python3.10/site-packages/torch/distributed/distributed_c10d.py", line 2288, in all_reduce
[rank2]:     work = group.allreduce([tensor], opts)
[rank2]: RuntimeError: CUDA error: an illegal memory access was encountered
[rank2]: CUDA kernel errors might be asynchronously reported at some other API call, so the stacktrace below might be incorrect.
[rank2]: For debugging consider passing CUDA_LAUNCH_BLOCKING=1
[rank2]: Compile with `TORCH_USE_CUDA_DSA` to enable device-side assertions.


[rank2]: During handling of the above exception, another exception occurred:

[rank2]: Traceback (most recent call last):
[rank2]:   File "/home/charlie/skip-residual/gpt-fast/benchmark.py", line 518, in <module>
[rank2]:     main(
[rank2]:   File "/home/charlie/skip-residual/gpt-fast/benchmark.py", line 448, in main
[rank2]:     y, decode_latency, prefill_latency = generate(
[rank2]:   File "/home/charlie/anaconda3/envs/gpt-fast/lib/python3.10/site-packages/torch/utils/_contextlib.py", line 116, in decorate_context
[rank2]:     return func(*args, **kwargs)
[rank2]:   File "/home/charlie/skip-residual/gpt-fast/benchmark.py", line 157, in generate
[rank2]:     generated_tokens, _ = decode_n_tokens(model, next_token.view(batch_size, -1), input_pos, max_new_tokens - 1, use_flash_attention=use_flash_attention, callback=callback, **sampling_kwargs)
[rank2]:   File "/home/charlie/anaconda3/envs/gpt-fast/lib/python3.10/site-packages/torch/utils/_contextlib.py", line 116, in decorate_context
[rank2]:     return func(*args, **kwargs)
[rank2]:   File "/home/charlie/skip-residual/gpt-fast/benchmark.py", line 105, in decode_n_tokens
[rank2]:     next_token, next_prob = decode_one_token(
[rank2]:   File "/home/charlie/skip-residual/gpt-fast/benchmark.py", line 85, in decode_one_token
[rank2]:     logits = model(x, input_pos)
[rank2]:   File "/home/charlie/anaconda3/envs/gpt-fast/lib/python3.10/site-packages/torch/nn/modules/module.py", line 1553, in _wrapped_call_impl
[rank2]:     return self._call_impl(*args, **kwargs)
[rank2]:   File "/home/charlie/anaconda3/envs/gpt-fast/lib/python3.10/site-packages/torch/nn/modules/module.py", line 1562, in _call_impl
[rank2]:     return forward_call(*args, **kwargs)
[rank2]:   File "/home/charlie/skip-residual/gpt-fast/gpt_fast/gpt_ensemble_TP.py", line 134, in forward
[rank2]:     x = layer(x, input_pos, freqs_cis, mask)
[rank2]:   File "/home/charlie/anaconda3/envs/gpt-fast/lib/python3.10/site-packages/torch/nn/modules/module.py", line 1553, in _wrapped_call_impl
[rank2]:     return self._call_impl(*args, **kwargs)
[rank2]:   File "/home/charlie/anaconda3/envs/gpt-fast/lib/python3.10/site-packages/torch/nn/modules/module.py", line 1562, in _call_impl
[rank2]:     return forward_call(*args, **kwargs)
[rank2]:   File "/home/charlie/skip-residual/gpt-fast/gpt_fast/gpt_ensemble_TP.py", line 213, in forward
[rank2]:     x = all_reduce_func(x, clone=False)[0]
[rank2]:   File "/home/charlie/skip-residual/gpt-fast/gpt_fast/utils.py", line 257, in all_reduce_func
[rank2]:     handle = dist.all_reduce(x, async_op=async_op)
[rank2]:   File "/home/charlie/anaconda3/envs/gpt-fast/lib/python3.10/site-packages/torch/distributed/c10d_logger.py", line 81, in wrapper
[rank2]:     msg_dict = _get_msg_dict(func.__name__, *args, **kwargs)
[rank2]:   File "/home/charlie/anaconda3/envs/gpt-fast/lib/python3.10/site-packages/torch/distributed/c10d_logger.py", line 54, in _get_msg_dict
[rank2]:     "args": f"{args}, {kwargs}",
[rank2]:   File "/home/charlie/anaconda3/envs/gpt-fast/lib/python3.10/site-packages/torch/_tensor.py", line 463, in __repr__
[rank2]:     return torch._tensor_str._str(self, tensor_contents=tensor_contents)
[rank2]:   File "/home/charlie/anaconda3/envs/gpt-fast/lib/python3.10/site-packages/torch/_tensor_str.py", line 698, in _str
[rank2]:     return _str_intern(self, tensor_contents=tensor_contents)
[rank2]:   File "/home/charlie/anaconda3/envs/gpt-fast/lib/python3.10/site-packages/torch/_tensor_str.py", line 618, in _str_intern
[rank2]:     tensor_str = _tensor_str(self, indent)
[rank2]:   File "/home/charlie/anaconda3/envs/gpt-fast/lib/python3.10/site-packages/torch/_tensor_str.py", line 332, in _tensor_str
[rank2]:     self = self.float()
[rank2]: RuntimeError: CUDA error: an illegal memory access was encountered
[rank2]: CUDA kernel errors might be asynchronously reported at some other API call, so the stacktrace below might be incorrect.
[rank2]: For debugging consider passing CUDA_LAUNCH_BLOCKING=1
[rank2]: Compile with `TORCH_USE_CUDA_DSA` to enable device-side assertions.

[rank3]: Traceback (most recent call last):
[rank3]:   File "/home/charlie/anaconda3/envs/gpt-fast/lib/python3.10/site-packages/torch/distributed/c10d_logger.py", line 79, in wrapper
[rank3]:     return func(*args, **kwargs)
[rank3]:   File "/home/charlie/anaconda3/envs/gpt-fast/lib/python3.10/site-packages/torch/distributed/distributed_c10d.py", line 2288, in all_reduce
[rank3]:     work = group.allreduce([tensor], opts)
[rank3]: RuntimeError: CUDA error: an illegal memory access was encountered
[rank3]: CUDA kernel errors might be asynchronously reported at some other API call, so the stacktrace below might be incorrect.
[rank3]: For debugging consider passing CUDA_LAUNCH_BLOCKING=1
[rank3]: Compile with `TORCH_USE_CUDA_DSA` to enable device-side assertions.


[rank3]: During handling of the above exception, another exception occurred:

[rank3]: Traceback (most recent call last):
[rank3]:   File "/home/charlie/skip-residual/gpt-fast/benchmark.py", line 518, in <module>
[rank3]:     main(
[rank3]:   File "/home/charlie/skip-residual/gpt-fast/benchmark.py", line 448, in main
[rank3]:     y, decode_latency, prefill_latency = generate(
[rank3]:   File "/home/charlie/anaconda3/envs/gpt-fast/lib/python3.10/site-packages/torch/utils/_contextlib.py", line 116, in decorate_context
[rank3]:     return func(*args, **kwargs)
[rank3]:   File "/home/charlie/skip-residual/gpt-fast/benchmark.py", line 157, in generate
[rank3]:     generated_tokens, _ = decode_n_tokens(model, next_token.view(batch_size, -1), input_pos, max_new_tokens - 1, use_flash_attention=use_flash_attention, callback=callback, **sampling_kwargs)
[rank3]:   File "/home/charlie/anaconda3/envs/gpt-fast/lib/python3.10/site-packages/torch/utils/_contextlib.py", line 116, in decorate_context
[rank3]:     return func(*args, **kwargs)
[rank3]:   File "/home/charlie/skip-residual/gpt-fast/benchmark.py", line 105, in decode_n_tokens
[rank3]:     next_token, next_prob = decode_one_token(
[rank3]:   File "/home/charlie/skip-residual/gpt-fast/benchmark.py", line 85, in decode_one_token
[rank3]:     logits = model(x, input_pos)
[rank3]:   File "/home/charlie/anaconda3/envs/gpt-fast/lib/python3.10/site-packages/torch/nn/modules/module.py", line 1553, in _wrapped_call_impl
[rank3]:     return self._call_impl(*args, **kwargs)
[rank3]:   File "/home/charlie/anaconda3/envs/gpt-fast/lib/python3.10/site-packages/torch/nn/modules/module.py", line 1562, in _call_impl
[rank3]:     return forward_call(*args, **kwargs)
[rank3]:   File "/home/charlie/skip-residual/gpt-fast/gpt_fast/gpt_ensemble_TP.py", line 134, in forward
[rank3]:     x = layer(x, input_pos, freqs_cis, mask)
[rank3]:   File "/home/charlie/anaconda3/envs/gpt-fast/lib/python3.10/site-packages/torch/nn/modules/module.py", line 1553, in _wrapped_call_impl
[rank3]:     return self._call_impl(*args, **kwargs)
[rank3]:   File "/home/charlie/anaconda3/envs/gpt-fast/lib/python3.10/site-packages/torch/nn/modules/module.py", line 1562, in _call_impl
[rank3]:     return forward_call(*args, **kwargs)
[rank3]:   File "/home/charlie/skip-residual/gpt-fast/gpt_fast/gpt_ensemble_TP.py", line 213, in forward
[rank3]:     x = all_reduce_func(x, clone=False)[0]
[rank3]:   File "/home/charlie/skip-residual/gpt-fast/gpt_fast/utils.py", line 257, in all_reduce_func
[rank3]:     handle = dist.all_reduce(x, async_op=async_op)
[rank3]:   File "/home/charlie/anaconda3/envs/gpt-fast/lib/python3.10/site-packages/torch/distributed/c10d_logger.py", line 81, in wrapper
[rank3]:     msg_dict = _get_msg_dict(func.__name__, *args, **kwargs)
[rank3]:   File "/home/charlie/anaconda3/envs/gpt-fast/lib/python3.10/site-packages/torch/distributed/c10d_logger.py", line 54, in _get_msg_dict
[rank3]:     "args": f"{args}, {kwargs}",
[rank3]:   File "/home/charlie/anaconda3/envs/gpt-fast/lib/python3.10/site-packages/torch/_tensor.py", line 463, in __repr__
[rank3]:     return torch._tensor_str._str(self, tensor_contents=tensor_contents)
[rank3]:   File "/home/charlie/anaconda3/envs/gpt-fast/lib/python3.10/site-packages/torch/_tensor_str.py", line 698, in _str
[rank3]:     return _str_intern(self, tensor_contents=tensor_contents)
[rank3]:   File "/home/charlie/anaconda3/envs/gpt-fast/lib/python3.10/site-packages/torch/_tensor_str.py", line 618, in _str_intern
[rank3]:     tensor_str = _tensor_str(self, indent)
[rank3]:   File "/home/charlie/anaconda3/envs/gpt-fast/lib/python3.10/site-packages/torch/_tensor_str.py", line 332, in _tensor_str
[rank3]:     self = self.float()
[rank3]: RuntimeError: CUDA error: an illegal memory access was encountered
[rank3]: CUDA kernel errors might be asynchronously reported at some other API call, so the stacktrace below might be incorrect.
[rank3]: For debugging consider passing CUDA_LAUNCH_BLOCKING=1
[rank3]: Compile with `TORCH_USE_CUDA_DSA` to enable device-side assertions.

[rank5]: Traceback (most recent call last):
[rank5]:   File "/home/charlie/anaconda3/envs/gpt-fast/lib/python3.10/site-packages/torch/distributed/c10d_logger.py", line 79, in wrapper
[rank5]:     return func(*args, **kwargs)
[rank5]:   File "/home/charlie/anaconda3/envs/gpt-fast/lib/python3.10/site-packages/torch/distributed/distributed_c10d.py", line 2288, in all_reduce
[rank5]:     work = group.allreduce([tensor], opts)
[rank5]: RuntimeError: CUDA error: an illegal memory access was encountered
[rank5]: CUDA kernel errors might be asynchronously reported at some other API call, so the stacktrace below might be incorrect.
[rank5]: For debugging consider passing CUDA_LAUNCH_BLOCKING=1
[rank5]: Compile with `TORCH_USE_CUDA_DSA` to enable device-side assertions.


[rank5]: During handling of the above exception, another exception occurred:

[rank5]: Traceback (most recent call last):
[rank5]:   File "/home/charlie/skip-residual/gpt-fast/benchmark.py", line 518, in <module>
[rank5]:     main(
[rank5]:   File "/home/charlie/skip-residual/gpt-fast/benchmark.py", line 448, in main
[rank5]:     y, decode_latency, prefill_latency = generate(
[rank5]:   File "/home/charlie/anaconda3/envs/gpt-fast/lib/python3.10/site-packages/torch/utils/_contextlib.py", line 116, in decorate_context
[rank5]:     return func(*args, **kwargs)
[rank5]:   File "/home/charlie/skip-residual/gpt-fast/benchmark.py", line 157, in generate
[rank5]:     generated_tokens, _ = decode_n_tokens(model, next_token.view(batch_size, -1), input_pos, max_new_tokens - 1, use_flash_attention=use_flash_attention, callback=callback, **sampling_kwargs)
[rank5]:   File "/home/charlie/anaconda3/envs/gpt-fast/lib/python3.10/site-packages/torch/utils/_contextlib.py", line 116, in decorate_context
[rank5]:     return func(*args, **kwargs)
[rank5]:   File "/home/charlie/skip-residual/gpt-fast/benchmark.py", line 105, in decode_n_tokens
[rank5]:     next_token, next_prob = decode_one_token(
[rank5]:   File "/home/charlie/skip-residual/gpt-fast/benchmark.py", line 85, in decode_one_token
[rank5]:     logits = model(x, input_pos)
[rank5]:   File "/home/charlie/anaconda3/envs/gpt-fast/lib/python3.10/site-packages/torch/nn/modules/module.py", line 1553, in _wrapped_call_impl
[rank5]:     return self._call_impl(*args, **kwargs)
[rank5]:   File "/home/charlie/anaconda3/envs/gpt-fast/lib/python3.10/site-packages/torch/nn/modules/module.py", line 1562, in _call_impl
[rank5]:     return forward_call(*args, **kwargs)
[rank5]:   File "/home/charlie/skip-residual/gpt-fast/gpt_fast/gpt_ensemble_TP.py", line 134, in forward
[rank5]:     x = layer(x, input_pos, freqs_cis, mask)
[rank5]:   File "/home/charlie/anaconda3/envs/gpt-fast/lib/python3.10/site-packages/torch/nn/modules/module.py", line 1553, in _wrapped_call_impl
[rank5]:     return self._call_impl(*args, **kwargs)
[rank5]:   File "/home/charlie/anaconda3/envs/gpt-fast/lib/python3.10/site-packages/torch/nn/modules/module.py", line 1562, in _call_impl
[rank5]:     return forward_call(*args, **kwargs)
[rank5]:   File "/home/charlie/skip-residual/gpt-fast/gpt_fast/gpt_ensemble_TP.py", line 213, in forward
[rank5]:     x = all_reduce_func(x, clone=False)[0]
[rank5]:   File "/home/charlie/skip-residual/gpt-fast/gpt_fast/utils.py", line 257, in all_reduce_func
[rank5]:     handle = dist.all_reduce(x, async_op=async_op)
[rank5]:   File "/home/charlie/anaconda3/envs/gpt-fast/lib/python3.10/site-packages/torch/distributed/c10d_logger.py", line 81, in wrapper
[rank5]:     msg_dict = _get_msg_dict(func.__name__, *args, **kwargs)
[rank5]:   File "/home/charlie/anaconda3/envs/gpt-fast/lib/python3.10/site-packages/torch/distributed/c10d_logger.py", line 54, in _get_msg_dict
[rank5]:     "args": f"{args}, {kwargs}",
[rank5]:   File "/home/charlie/anaconda3/envs/gpt-fast/lib/python3.10/site-packages/torch/_tensor.py", line 463, in __repr__
[rank5]:     return torch._tensor_str._str(self, tensor_contents=tensor_contents)
[rank5]:   File "/home/charlie/anaconda3/envs/gpt-fast/lib/python3.10/site-packages/torch/_tensor_str.py", line 698, in _str
[rank5]:     return _str_intern(self, tensor_contents=tensor_contents)
[rank5]:   File "/home/charlie/anaconda3/envs/gpt-fast/lib/python3.10/site-packages/torch/_tensor_str.py", line 618, in _str_intern
[rank5]:     tensor_str = _tensor_str(self, indent)
[rank5]:   File "/home/charlie/anaconda3/envs/gpt-fast/lib/python3.10/site-packages/torch/_tensor_str.py", line 332, in _tensor_str
[rank5]:     self = self.float()
[rank5]: RuntimeError: CUDA error: an illegal memory access was encountered
[rank5]: CUDA kernel errors might be asynchronously reported at some other API call, so the stacktrace below might be incorrect.
[rank5]: For debugging consider passing CUDA_LAUNCH_BLOCKING=1
[rank5]: Compile with `TORCH_USE_CUDA_DSA` to enable device-side assertions.

[rank1]: Traceback (most recent call last):
[rank1]:   File "/home/charlie/anaconda3/envs/gpt-fast/lib/python3.10/site-packages/torch/distributed/c10d_logger.py", line 79, in wrapper
[rank1]:     return func(*args, **kwargs)
[rank1]:   File "/home/charlie/anaconda3/envs/gpt-fast/lib/python3.10/site-packages/torch/distributed/distributed_c10d.py", line 2288, in all_reduce
[rank1]:     work = group.allreduce([tensor], opts)
[rank1]: RuntimeError: CUDA error: an illegal memory access was encountered
[rank1]: CUDA kernel errors might be asynchronously reported at some other API call, so the stacktrace below might be incorrect.
[rank1]: For debugging consider passing CUDA_LAUNCH_BLOCKING=1
[rank1]: Compile with `TORCH_USE_CUDA_DSA` to enable device-side assertions.


[rank1]: During handling of the above exception, another exception occurred:

[rank1]: Traceback (most recent call last):
[rank1]:   File "/home/charlie/skip-residual/gpt-fast/benchmark.py", line 518, in <module>
[rank1]:     main(
[rank1]:   File "/home/charlie/skip-residual/gpt-fast/benchmark.py", line 448, in main
[rank1]:     y, decode_latency, prefill_latency = generate(
[rank1]:   File "/home/charlie/anaconda3/envs/gpt-fast/lib/python3.10/site-packages/torch/utils/_contextlib.py", line 116, in decorate_context
[rank1]:     return func(*args, **kwargs)
[rank1]:   File "/home/charlie/skip-residual/gpt-fast/benchmark.py", line 157, in generate
[rank1]:     generated_tokens, _ = decode_n_tokens(model, next_token.view(batch_size, -1), input_pos, max_new_tokens - 1, use_flash_attention=use_flash_attention, callback=callback, **sampling_kwargs)
[rank1]:   File "/home/charlie/anaconda3/envs/gpt-fast/lib/python3.10/site-packages/torch/utils/_contextlib.py", line 116, in decorate_context
[rank1]:     return func(*args, **kwargs)
[rank1]:   File "/home/charlie/skip-residual/gpt-fast/benchmark.py", line 105, in decode_n_tokens
[rank1]:     next_token, next_prob = decode_one_token(
[rank1]:   File "/home/charlie/skip-residual/gpt-fast/benchmark.py", line 85, in decode_one_token
[rank1]:     logits = model(x, input_pos)
[rank1]:   File "/home/charlie/anaconda3/envs/gpt-fast/lib/python3.10/site-packages/torch/nn/modules/module.py", line 1553, in _wrapped_call_impl
[rank1]:     return self._call_impl(*args, **kwargs)
[rank1]:   File "/home/charlie/anaconda3/envs/gpt-fast/lib/python3.10/site-packages/torch/nn/modules/module.py", line 1562, in _call_impl
[rank1]:     return forward_call(*args, **kwargs)
[rank1]:   File "/home/charlie/skip-residual/gpt-fast/gpt_fast/gpt_ensemble_TP.py", line 134, in forward
[rank1]:     x = layer(x, input_pos, freqs_cis, mask)
[rank1]:   File "/home/charlie/anaconda3/envs/gpt-fast/lib/python3.10/site-packages/torch/nn/modules/module.py", line 1553, in _wrapped_call_impl
[rank1]:     return self._call_impl(*args, **kwargs)
[rank1]:   File "/home/charlie/anaconda3/envs/gpt-fast/lib/python3.10/site-packages/torch/nn/modules/module.py", line 1562, in _call_impl
[rank1]:     return forward_call(*args, **kwargs)
[rank1]:   File "/home/charlie/skip-residual/gpt-fast/gpt_fast/gpt_ensemble_TP.py", line 213, in forward
[rank1]:     x = all_reduce_func(x, clone=False)[0]
[rank1]:   File "/home/charlie/skip-residual/gpt-fast/gpt_fast/utils.py", line 257, in all_reduce_func
[rank1]:     handle = dist.all_reduce(x, async_op=async_op)
[rank1]:   File "/home/charlie/anaconda3/envs/gpt-fast/lib/python3.10/site-packages/torch/distributed/c10d_logger.py", line 81, in wrapper
[rank1]:     msg_dict = _get_msg_dict(func.__name__, *args, **kwargs)
[rank1]:   File "/home/charlie/anaconda3/envs/gpt-fast/lib/python3.10/site-packages/torch/distributed/c10d_logger.py", line 54, in _get_msg_dict
[rank1]:     "args": f"{args}, {kwargs}",
[rank1]:   File "/home/charlie/anaconda3/envs/gpt-fast/lib/python3.10/site-packages/torch/_tensor.py", line 463, in __repr__
[rank1]:     return torch._tensor_str._str(self, tensor_contents=tensor_contents)
[rank1]:   File "/home/charlie/anaconda3/envs/gpt-fast/lib/python3.10/site-packages/torch/_tensor_str.py", line 698, in _str
[rank1]:     return _str_intern(self, tensor_contents=tensor_contents)
[rank1]:   File "/home/charlie/anaconda3/envs/gpt-fast/lib/python3.10/site-packages/torch/_tensor_str.py", line 618, in _str_intern
[rank1]:     tensor_str = _tensor_str(self, indent)
[rank1]:   File "/home/charlie/anaconda3/envs/gpt-fast/lib/python3.10/site-packages/torch/_tensor_str.py", line 332, in _tensor_str
[rank1]:     self = self.float()
[rank1]: RuntimeError: CUDA error: an illegal memory access was encountered
[rank1]: CUDA kernel errors might be asynchronously reported at some other API call, so the stacktrace below might be incorrect.
[rank1]: For debugging consider passing CUDA_LAUNCH_BLOCKING=1
[rank1]: Compile with `TORCH_USE_CUDA_DSA` to enable device-side assertions.

[rank7]: Traceback (most recent call last):
[rank7]:   File "/home/charlie/anaconda3/envs/gpt-fast/lib/python3.10/site-packages/torch/distributed/c10d_logger.py", line 79, in wrapper
[rank7]:     return func(*args, **kwargs)
[rank7]:   File "/home/charlie/anaconda3/envs/gpt-fast/lib/python3.10/site-packages/torch/distributed/distributed_c10d.py", line 2288, in all_reduce
[rank7]:     work = group.allreduce([tensor], opts)
[rank7]: RuntimeError: CUDA error: an illegal memory access was encountered
[rank7]: CUDA kernel errors might be asynchronously reported at some other API call, so the stacktrace below might be incorrect.
[rank7]: For debugging consider passing CUDA_LAUNCH_BLOCKING=1
[rank7]: Compile with `TORCH_USE_CUDA_DSA` to enable device-side assertions.


[rank7]: During handling of the above exception, another exception occurred:

[rank7]: Traceback (most recent call last):
[rank7]:   File "/home/charlie/skip-residual/gpt-fast/benchmark.py", line 518, in <module>
[rank7]:     main(
[rank7]:   File "/home/charlie/skip-residual/gpt-fast/benchmark.py", line 448, in main
[rank7]:     y, decode_latency, prefill_latency = generate(
[rank7]:   File "/home/charlie/anaconda3/envs/gpt-fast/lib/python3.10/site-packages/torch/utils/_contextlib.py", line 116, in decorate_context
[rank7]:     return func(*args, **kwargs)
[rank7]:   File "/home/charlie/skip-residual/gpt-fast/benchmark.py", line 157, in generate
[rank7]:     generated_tokens, _ = decode_n_tokens(model, next_token.view(batch_size, -1), input_pos, max_new_tokens - 1, use_flash_attention=use_flash_attention, callback=callback, **sampling_kwargs)
[rank7]:   File "/home/charlie/anaconda3/envs/gpt-fast/lib/python3.10/site-packages/torch/utils/_contextlib.py", line 116, in decorate_context
[rank7]:     return func(*args, **kwargs)
[rank7]:   File "/home/charlie/skip-residual/gpt-fast/benchmark.py", line 105, in decode_n_tokens
[rank7]:     next_token, next_prob = decode_one_token(
[rank7]:   File "/home/charlie/skip-residual/gpt-fast/benchmark.py", line 85, in decode_one_token
[rank7]:     logits = model(x, input_pos)
[rank7]:   File "/home/charlie/anaconda3/envs/gpt-fast/lib/python3.10/site-packages/torch/nn/modules/module.py", line 1553, in _wrapped_call_impl
[rank7]:     return self._call_impl(*args, **kwargs)
[rank7]:   File "/home/charlie/anaconda3/envs/gpt-fast/lib/python3.10/site-packages/torch/nn/modules/module.py", line 1562, in _call_impl
[rank7]:     return forward_call(*args, **kwargs)
[rank7]:   File "/home/charlie/skip-residual/gpt-fast/gpt_fast/gpt_ensemble_TP.py", line 134, in forward
[rank7]:     x = layer(x, input_pos, freqs_cis, mask)
[rank7]:   File "/home/charlie/anaconda3/envs/gpt-fast/lib/python3.10/site-packages/torch/nn/modules/module.py", line 1553, in _wrapped_call_impl
[rank7]:     return self._call_impl(*args, **kwargs)
[rank7]:   File "/home/charlie/anaconda3/envs/gpt-fast/lib/python3.10/site-packages/torch/nn/modules/module.py", line 1562, in _call_impl
[rank7]:     return forward_call(*args, **kwargs)
[rank7]:   File "/home/charlie/skip-residual/gpt-fast/gpt_fast/gpt_ensemble_TP.py", line 213, in forward
[rank7]:     x = all_reduce_func(x, clone=False)[0]
[rank7]:   File "/home/charlie/skip-residual/gpt-fast/gpt_fast/utils.py", line 257, in all_reduce_func
[rank7]:     handle = dist.all_reduce(x, async_op=async_op)
[rank7]:   File "/home/charlie/anaconda3/envs/gpt-fast/lib/python3.10/site-packages/torch/distributed/c10d_logger.py", line 81, in wrapper
[rank7]:     msg_dict = _get_msg_dict(func.__name__, *args, **kwargs)
[rank7]:   File "/home/charlie/anaconda3/envs/gpt-fast/lib/python3.10/site-packages/torch/distributed/c10d_logger.py", line 54, in _get_msg_dict
[rank7]:     "args": f"{args}, {kwargs}",
[rank7]:   File "/home/charlie/anaconda3/envs/gpt-fast/lib/python3.10/site-packages/torch/_tensor.py", line 463, in __repr__
[rank7]:     return torch._tensor_str._str(self, tensor_contents=tensor_contents)
[rank7]:   File "/home/charlie/anaconda3/envs/gpt-fast/lib/python3.10/site-packages/torch/_tensor_str.py", line 698, in _str
[rank7]:     return _str_intern(self, tensor_contents=tensor_contents)
[rank7]:   File "/home/charlie/anaconda3/envs/gpt-fast/lib/python3.10/site-packages/torch/_tensor_str.py", line 618, in _str_intern
[rank7]:     tensor_str = _tensor_str(self, indent)
[rank7]:   File "/home/charlie/anaconda3/envs/gpt-fast/lib/python3.10/site-packages/torch/_tensor_str.py", line 332, in _tensor_str
[rank7]:     self = self.float()
[rank7]: RuntimeError: CUDA error: an illegal memory access was encountered
[rank7]: CUDA kernel errors might be asynchronously reported at some other API call, so the stacktrace below might be incorrect.
[rank7]: For debugging consider passing CUDA_LAUNCH_BLOCKING=1
[rank7]: Compile with `TORCH_USE_CUDA_DSA` to enable device-side assertions.

W0920 04:20:50.151000 23350400300864 torch/distributed/elastic/multiprocessing/api.py:858] Sending process 1187523 closing signal SIGTERM
W0920 04:20:50.154000 23350400300864 torch/distributed/elastic/multiprocessing/api.py:858] Sending process 1187524 closing signal SIGTERM
W0920 04:20:50.164000 23350400300864 torch/distributed/elastic/multiprocessing/api.py:858] Sending process 1187525 closing signal SIGTERM
W0920 04:20:50.165000 23350400300864 torch/distributed/elastic/multiprocessing/api.py:858] Sending process 1187526 closing signal SIGTERM
W0920 04:20:50.167000 23350400300864 torch/distributed/elastic/multiprocessing/api.py:858] Sending process 1187527 closing signal SIGTERM
W0920 04:20:50.170000 23350400300864 torch/distributed/elastic/multiprocessing/api.py:858] Sending process 1187528 closing signal SIGTERM
W0920 04:20:50.175000 23350400300864 torch/distributed/elastic/multiprocessing/api.py:858] Sending process 1187530 closing signal SIGTERM
E0920 04:20:52.210000 23350400300864 torch/distributed/elastic/multiprocessing/api.py:833] failed (exitcode: 1) local_rank: 6 (pid: 1187529) of binary: /home/charlie/anaconda3/envs/gpt-fast/bin/python
Traceback (most recent call last):
  File "/home/charlie/anaconda3/envs/gpt-fast/bin/torchrun", line 8, in <module>
    sys.exit(main())
  File "/home/charlie/anaconda3/envs/gpt-fast/lib/python3.10/site-packages/torch/distributed/elastic/multiprocessing/errors/__init__.py", line 348, in wrapper
    return f(*args, **kwargs)
  File "/home/charlie/anaconda3/envs/gpt-fast/lib/python3.10/site-packages/torch/distributed/run.py", line 901, in main
    run(args)
  File "/home/charlie/anaconda3/envs/gpt-fast/lib/python3.10/site-packages/torch/distributed/run.py", line 892, in run
    elastic_launch(
  File "/home/charlie/anaconda3/envs/gpt-fast/lib/python3.10/site-packages/torch/distributed/launcher/api.py", line 133, in __call__
    return launch_agent(self._config, self._entrypoint, list(args))
  File "/home/charlie/anaconda3/envs/gpt-fast/lib/python3.10/site-packages/torch/distributed/launcher/api.py", line 264, in launch_agent
    raise ChildFailedError(
torch.distributed.elastic.multiprocessing.errors.ChildFailedError: 
============================================================
benchmark.py FAILED
------------------------------------------------------------
Failures:
  <NO_OTHER_FAILURES>
------------------------------------------------------------
Root Cause (first observed failure):
[0]:
  time      : 2024-09-20_04:20:50
  host      : mk-xii-03.cloud.together.ai
  rank      : 6 (local_rank: 6)
  exitcode  : 1 (pid: 1187529)
  error_file: <N/A>
  traceback : To enable traceback see: https://pytorch.org/docs/stable/elastic/errors.html
============================================================
